2011/04/12 16:25:33 にビルドを開始しました。
     1>ノード 3 上のプロジェクト "C:\msysgit\msysgit\git\Goluah-\devkit100\goluah\chardll_mona\chardll_mona.vcxproj" (build ターゲット)。
     1>InitializeBuildStatus:
         "AlwaysCreate" が指定されたため "Debug\chardll_mona.unsuccessfulbuild" を作成しています。
       _MASM:
         Assembling [Inputs]...
       ClCompile:
         すべての出力が最新のものです。
       ManifestResourceCompile:
         すべての出力が最新のものです。
     1>C:\Program Files (x86)\MSBuild\Microsoft.Cpp\v4.0\Microsoft.CppBuild.targets(990,5): warning MSB8012: TargetPath(C:\msysgit\msysgit\git\Goluah-\devkit100\goluah\chardll_mona\Debug\chardll_mona.dll) が Linker の OutputFile プロパティ値 (C:\msysgit\msysgit\git\Goluah-\devkit100\goluah\execenv\char\std\mona\action.dll) と一致しません。このため、プロジェクトが正常にビルドされない可能性があります。この問題を解決するには、$(OutDir)、$(TargetName)、および $(TargetExt) の各プロパティ値が、%(Link.OutputFile) で指定されている値と一致することを確認してください。
     1>C:\Program Files (x86)\MSBuild\Microsoft.Cpp\v4.0\Microsoft.CppBuild.targets(992,5): warning MSB8012: TargetName(chardll_mona) が Linker の OutputFile プロパティ値 (action) と一致しません。このため、プロジェクトが正常にビルドされない可能性があります。この問題を解決するには、$(OutDir)、$(TargetName)、および $(TargetExt) の各プロパティ値が、%(Link.OutputFile) で指定されている値と一致することを確認してください。
       Link:
         C:\Program Files (x86)\Microsoft Visual Studio 10.0\VC\bin\link.exe /ERRORREPORT:PROMPT /OUT:"C:\msysgit\msysgit\git\Goluah-\devkit100\goluah\/execenv/char/std/mona/action.dll" /INCREMENTAL /NOLOGO /LIBPATH:"C:\msysgit\msysgit\git\Goluah-\devkit100\goluah\/lib" winmm.lib kernel32.lib user32.lib gdi32.lib winspool.lib comdlg32.lib advapi32.lib shell32.lib ole32.lib oleaut32.lib uuid.lib odbc32.lib odbccp32.lib /NODEFAULTLIB:libc.lib /DEF:"C:\msysgit\msysgit\git\Goluah-\devkit100\goluah\/common/character_vc.def" /MANIFEST /ManifestFile:"Debug\chardll_mona.dll.intermediate.manifest" /MANIFESTUAC:"level='asInvoker' uiAccess='false'" /DEBUG /PDB:"Debug\chardll_mona.pdb" /SUBSYSTEM:WINDOWS /TLBID:1 /DYNAMICBASE /NXCOMPAT /IMPLIB:"Debug\chardll_mona.lib" /MACHINE:X86 /DLL Debug\chardll_mona.dll.embed.manifest.res
         Debug\action_attack.obj
         Debug\action_damage.obj
         Debug\action_hissatu.obj
         Debug\action_normal.obj
         Debug\bullets.obj
         Debug\character.obj
         Debug\gobjbase.obj /nodefaultlib:libci 
            ライブラリ Debug\chardll_mona.lib とオブジェクト Debug\chardll_mona.exp を作成中
       Manifest:
         C:\Program Files (x86)\Microsoft SDKs\Windows\v7.0A\bin\mt.exe /nologo /verbose /out:"Debug\chardll_mona.dll.embed.manifest" /manifest Debug\chardll_mona.dll.intermediate.manifest
