C:\MSYSGIT\MSYSGIT\GIT\GOLUAH-\DEVKIT100\GOLUAH\CHARDLL_MONA\DEBUG\ACTION_ATTACK.OBJ
C:\MSYSGIT\MSYSGIT\GIT\GOLUAH-\DEVKIT100\GOLUAH\CHARDLL_MONA\DEBUG\ACTION_DAMAGE.OBJ
C:\MSYSGIT\MSYSGIT\GIT\GOLUAH-\DEVKIT100\GOLUAH\CHARDLL_MONA\DEBUG\ACTION_HISSATU.OBJ
C:\MSYSGIT\MSYSGIT\GIT\GOLUAH-\DEVKIT100\GOLUAH\CHARDLL_MONA\DEBUG\ACTION_NORMAL.OBJ
C:\MSYSGIT\MSYSGIT\GIT\GOLUAH-\DEVKIT100\GOLUAH\CHARDLL_MONA\DEBUG\BULLETS.OBJ
C:\MSYSGIT\MSYSGIT\GIT\GOLUAH-\DEVKIT100\GOLUAH\CHARDLL_MONA\DEBUG\CHARACTER.OBJ
C:\MSYSGIT\MSYSGIT\GIT\GOLUAH-\DEVKIT100\GOLUAH\CHARDLL_MONA\DEBUG\CHARDLL_MONA.DLL.EMBED.MANIFEST
C:\MSYSGIT\MSYSGIT\GIT\GOLUAH-\DEVKIT100\GOLUAH\CHARDLL_MONA\DEBUG\CHARDLL_MONA.DLL.EMBED.MANIFEST.RES
C:\MSYSGIT\MSYSGIT\GIT\GOLUAH-\DEVKIT100\GOLUAH\CHARDLL_MONA\DEBUG\CHARDLL_MONA.DLL.INTERMEDIATE.MANIFEST
C:\msysgit\msysgit\git\Goluah-\devkit100\goluah\chardll_mona\Debug\chardll_mona.exp
C:\msysgit\msysgit\git\Goluah-\devkit100\goluah\chardll_mona\Debug\chardll_mona.lib
C:\MSYSGIT\MSYSGIT\GIT\GOLUAH-\DEVKIT100\GOLUAH\CHARDLL_MONA\DEBUG\CHARDLL_MONA.PDB
C:\msysgit\msysgit\git\Goluah-\devkit100\goluah\chardll_mona\Debug\chardll_mona.write.1.tlog
C:\msysgit\msysgit\git\Goluah-\devkit100\goluah\chardll_mona\Debug\chardll_mona_manifest.rc
C:\msysgit\msysgit\git\Goluah-\devkit100\goluah\chardll_mona\Debug\cl.command.1.tlog
C:\msysgit\msysgit\git\Goluah-\devkit100\goluah\chardll_mona\Debug\CL.read.1.tlog
C:\msysgit\msysgit\git\Goluah-\devkit100\goluah\chardll_mona\Debug\CL.write.1.tlog
C:\MSYSGIT\MSYSGIT\GIT\GOLUAH-\DEVKIT100\GOLUAH\CHARDLL_MONA\DEBUG\GOBJBASE.OBJ
C:\msysgit\msysgit\git\Goluah-\devkit100\goluah\chardll_mona\Debug\link.7488.read.1.tlog
C:\msysgit\msysgit\git\Goluah-\devkit100\goluah\chardll_mona\Debug\link.7488.write.1.tlog
C:\msysgit\msysgit\git\Goluah-\devkit100\goluah\chardll_mona\Debug\link.7488-cvtres.read.1.tlog
C:\msysgit\msysgit\git\Goluah-\devkit100\goluah\chardll_mona\Debug\link.7488-cvtres.write.1.tlog
C:\msysgit\msysgit\git\Goluah-\devkit100\goluah\chardll_mona\Debug\link.command.1.tlog
C:\msysgit\msysgit\git\Goluah-\devkit100\goluah\chardll_mona\Debug\link.read.1.tlog
C:\msysgit\msysgit\git\Goluah-\devkit100\goluah\chardll_mona\Debug\link.write.1.tlog
C:\msysgit\msysgit\git\Goluah-\devkit100\goluah\chardll_mona\Debug\link-cvtres.read.1.tlog
C:\msysgit\msysgit\git\Goluah-\devkit100\goluah\chardll_mona\Debug\link-cvtres.write.1.tlog
C:\msysgit\msysgit\git\Goluah-\devkit100\goluah\chardll_mona\Debug\mt.command.1.tlog
C:\msysgit\msysgit\git\Goluah-\devkit100\goluah\chardll_mona\Debug\mt.read.1.tlog
C:\msysgit\msysgit\git\Goluah-\devkit100\goluah\chardll_mona\Debug\mt.write.1.tlog
C:\msysgit\msysgit\git\Goluah-\devkit100\goluah\chardll_mona\Debug\rc.command.1.tlog
C:\msysgit\msysgit\git\Goluah-\devkit100\goluah\chardll_mona\Debug\rc.read.1.tlog
C:\msysgit\msysgit\git\Goluah-\devkit100\goluah\chardll_mona\Debug\rc.write.1.tlog
C:\msysgit\msysgit\git\Goluah-\devkit100\goluah\chardll_mona\Debug\vc100.idb
C:\MSYSGIT\MSYSGIT\GIT\GOLUAH-\DEVKIT100\GOLUAH\CHARDLL_MONA\DEBUG\VC100.PDB
C:\MSYSGIT\MSYSGIT\GIT\GOLUAH-\DEVKIT100\GOLUAH\EXECENV\CHAR\STD\MONA\ACTION.DLL
C:\MSYSGIT\MSYSGIT\GIT\GOLUAH-\DEVKIT100\GOLUAH\EXECENV\CHAR\STD\MONA\ACTION.ILK
Debug\chardll_mona.pdb
