C:\MSYSGIT\MSYSGIT\GIT\GOLUAH-\DEVKIT100\GOLUAH\EXECENV\STAGE\3D\YUUYAKE\STAGE.DLL
C:\MSYSGIT\MSYSGIT\GIT\GOLUAH-\DEVKIT100\GOLUAH\EXECENV\STAGE\3D\YUUYAKE\STAGE.ILK
C:\msysgit\msysgit\git\Goluah-\devkit100\goluah\stagedll_yuuyake\Debug\cl.command.1.tlog
C:\msysgit\msysgit\git\Goluah-\devkit100\goluah\stagedll_yuuyake\Debug\CL.read.1.tlog
C:\msysgit\msysgit\git\Goluah-\devkit100\goluah\stagedll_yuuyake\Debug\CL.write.1.tlog
C:\MSYSGIT\MSYSGIT\GIT\GOLUAH-\DEVKIT100\GOLUAH\STAGEDLL_YUUYAKE\DEBUG\GOBJBASE.OBJ
C:\msysgit\msysgit\git\Goluah-\devkit100\goluah\stagedll_yuuyake\Debug\link.8108.read.1.tlog
C:\msysgit\msysgit\git\Goluah-\devkit100\goluah\stagedll_yuuyake\Debug\link.8108.write.1.tlog
C:\msysgit\msysgit\git\Goluah-\devkit100\goluah\stagedll_yuuyake\Debug\link.8108-cvtres.read.1.tlog
C:\msysgit\msysgit\git\Goluah-\devkit100\goluah\stagedll_yuuyake\Debug\link.8108-cvtres.write.1.tlog
C:\msysgit\msysgit\git\Goluah-\devkit100\goluah\stagedll_yuuyake\Debug\link.command.1.tlog
C:\msysgit\msysgit\git\Goluah-\devkit100\goluah\stagedll_yuuyake\Debug\link.read.1.tlog
C:\msysgit\msysgit\git\Goluah-\devkit100\goluah\stagedll_yuuyake\Debug\link.write.1.tlog
C:\msysgit\msysgit\git\Goluah-\devkit100\goluah\stagedll_yuuyake\Debug\link-cvtres.read.1.tlog
C:\msysgit\msysgit\git\Goluah-\devkit100\goluah\stagedll_yuuyake\Debug\link-cvtres.write.1.tlog
C:\msysgit\msysgit\git\Goluah-\devkit100\goluah\stagedll_yuuyake\Debug\mt.command.1.tlog
C:\msysgit\msysgit\git\Goluah-\devkit100\goluah\stagedll_yuuyake\Debug\mt.read.1.tlog
C:\msysgit\msysgit\git\Goluah-\devkit100\goluah\stagedll_yuuyake\Debug\mt.write.1.tlog
C:\msysgit\msysgit\git\Goluah-\devkit100\goluah\stagedll_yuuyake\Debug\rc.command.1.tlog
C:\msysgit\msysgit\git\Goluah-\devkit100\goluah\stagedll_yuuyake\Debug\rc.read.1.tlog
C:\msysgit\msysgit\git\Goluah-\devkit100\goluah\stagedll_yuuyake\Debug\rc.write.1.tlog
C:\MSYSGIT\MSYSGIT\GIT\GOLUAH-\DEVKIT100\GOLUAH\STAGEDLL_YUUYAKE\DEBUG\STAGE.OBJ
C:\MSYSGIT\MSYSGIT\GIT\GOLUAH-\DEVKIT100\GOLUAH\STAGEDLL_YUUYAKE\DEBUG\STAGEDLL_YUUYAKE.DLL.EMBED.MANIFEST
C:\MSYSGIT\MSYSGIT\GIT\GOLUAH-\DEVKIT100\GOLUAH\STAGEDLL_YUUYAKE\DEBUG\STAGEDLL_YUUYAKE.DLL.EMBED.MANIFEST.RES
C:\MSYSGIT\MSYSGIT\GIT\GOLUAH-\DEVKIT100\GOLUAH\STAGEDLL_YUUYAKE\DEBUG\STAGEDLL_YUUYAKE.DLL.INTERMEDIATE.MANIFEST
C:\msysgit\msysgit\git\Goluah-\devkit100\goluah\stagedll_yuuyake\Debug\stagedll_yuuyake.exp
C:\msysgit\msysgit\git\Goluah-\devkit100\goluah\stagedll_yuuyake\Debug\stagedll_yuuyake.lib
C:\MSYSGIT\MSYSGIT\GIT\GOLUAH-\DEVKIT100\GOLUAH\STAGEDLL_YUUYAKE\DEBUG\STAGEDLL_YUUYAKE.PDB
C:\msysgit\msysgit\git\Goluah-\devkit100\goluah\stagedll_yuuyake\Debug\stagedll_yuuyake.write.1.tlog
C:\msysgit\msysgit\git\Goluah-\devkit100\goluah\stagedll_yuuyake\Debug\stagedll_yuuyake_manifest.rc
C:\msysgit\msysgit\git\Goluah-\devkit100\goluah\stagedll_yuuyake\Debug\vc100.idb
C:\MSYSGIT\MSYSGIT\GIT\GOLUAH-\DEVKIT100\GOLUAH\STAGEDLL_YUUYAKE\DEBUG\VC100.PDB
Debug\stagedll_yuuyake.pdb
