C:\MSYSGIT\MSYSGIT\GIT\GOLUAH-\DEVKIT100\GOLUAH\EXECENV\STAGE\3D\ICELAND\STAGE.DLL
C:\MSYSGIT\MSYSGIT\GIT\GOLUAH-\DEVKIT100\GOLUAH\EXECENV\STAGE\3D\ICELAND\STAGE.ILK
C:\msysgit\msysgit\git\Goluah-\devkit100\goluah\stagedll_iceland\Debug\cl.command.1.tlog
C:\msysgit\msysgit\git\Goluah-\devkit100\goluah\stagedll_iceland\Debug\CL.read.1.tlog
C:\msysgit\msysgit\git\Goluah-\devkit100\goluah\stagedll_iceland\Debug\CL.write.1.tlog
C:\MSYSGIT\MSYSGIT\GIT\GOLUAH-\DEVKIT100\GOLUAH\STAGEDLL_ICELAND\DEBUG\GOBJBASE.OBJ
C:\msysgit\msysgit\git\Goluah-\devkit100\goluah\stagedll_iceland\Debug\link.8092.read.1.tlog
C:\msysgit\msysgit\git\Goluah-\devkit100\goluah\stagedll_iceland\Debug\link.8092.write.1.tlog
C:\msysgit\msysgit\git\Goluah-\devkit100\goluah\stagedll_iceland\Debug\link.8092-cvtres.read.1.tlog
C:\msysgit\msysgit\git\Goluah-\devkit100\goluah\stagedll_iceland\Debug\link.8092-cvtres.write.1.tlog
C:\msysgit\msysgit\git\Goluah-\devkit100\goluah\stagedll_iceland\Debug\link.command.1.tlog
C:\msysgit\msysgit\git\Goluah-\devkit100\goluah\stagedll_iceland\Debug\link.read.1.tlog
C:\msysgit\msysgit\git\Goluah-\devkit100\goluah\stagedll_iceland\Debug\link.write.1.tlog
C:\msysgit\msysgit\git\Goluah-\devkit100\goluah\stagedll_iceland\Debug\link-cvtres.read.1.tlog
C:\msysgit\msysgit\git\Goluah-\devkit100\goluah\stagedll_iceland\Debug\link-cvtres.write.1.tlog
C:\msysgit\msysgit\git\Goluah-\devkit100\goluah\stagedll_iceland\Debug\mt.command.1.tlog
C:\msysgit\msysgit\git\Goluah-\devkit100\goluah\stagedll_iceland\Debug\mt.read.1.tlog
C:\msysgit\msysgit\git\Goluah-\devkit100\goluah\stagedll_iceland\Debug\mt.write.1.tlog
C:\msysgit\msysgit\git\Goluah-\devkit100\goluah\stagedll_iceland\Debug\rc.command.1.tlog
C:\msysgit\msysgit\git\Goluah-\devkit100\goluah\stagedll_iceland\Debug\rc.read.1.tlog
C:\msysgit\msysgit\git\Goluah-\devkit100\goluah\stagedll_iceland\Debug\rc.write.1.tlog
C:\MSYSGIT\MSYSGIT\GIT\GOLUAH-\DEVKIT100\GOLUAH\STAGEDLL_ICELAND\DEBUG\STAGE.OBJ
C:\MSYSGIT\MSYSGIT\GIT\GOLUAH-\DEVKIT100\GOLUAH\STAGEDLL_ICELAND\DEBUG\STAGEDLL_ICELAND.DLL.EMBED.MANIFEST
C:\MSYSGIT\MSYSGIT\GIT\GOLUAH-\DEVKIT100\GOLUAH\STAGEDLL_ICELAND\DEBUG\STAGEDLL_ICELAND.DLL.EMBED.MANIFEST.RES
C:\MSYSGIT\MSYSGIT\GIT\GOLUAH-\DEVKIT100\GOLUAH\STAGEDLL_ICELAND\DEBUG\STAGEDLL_ICELAND.DLL.INTERMEDIATE.MANIFEST
C:\msysgit\msysgit\git\Goluah-\devkit100\goluah\stagedll_iceland\Debug\stagedll_iceland.exp
C:\msysgit\msysgit\git\Goluah-\devkit100\goluah\stagedll_iceland\Debug\stagedll_iceland.lib
C:\MSYSGIT\MSYSGIT\GIT\GOLUAH-\DEVKIT100\GOLUAH\STAGEDLL_ICELAND\DEBUG\STAGEDLL_ICELAND.PDB
C:\msysgit\msysgit\git\Goluah-\devkit100\goluah\stagedll_iceland\Debug\stagedll_iceland.write.1.tlog
C:\msysgit\msysgit\git\Goluah-\devkit100\goluah\stagedll_iceland\Debug\stagedll_iceland_manifest.rc
C:\msysgit\msysgit\git\Goluah-\devkit100\goluah\stagedll_iceland\Debug\vc100.idb
C:\MSYSGIT\MSYSGIT\GIT\GOLUAH-\DEVKIT100\GOLUAH\STAGEDLL_ICELAND\DEBUG\VC100.PDB
Debug\stagedll_iceland.pdb
