C:\MSYSGIT\MSYSGIT\GIT\GOLUAH-\DEVKIT100\GOLUAH\CHARDLL_WASSOI\DEBUG\ACTION_ATTACK.OBJ
C:\MSYSGIT\MSYSGIT\GIT\GOLUAH-\DEVKIT100\GOLUAH\CHARDLL_WASSOI\DEBUG\ACTION_HISSATU.OBJ
C:\MSYSGIT\MSYSGIT\GIT\GOLUAH-\DEVKIT100\GOLUAH\CHARDLL_WASSOI\DEBUG\ACTION_NORMAL.OBJ
C:\MSYSGIT\MSYSGIT\GIT\GOLUAH-\DEVKIT100\GOLUAH\CHARDLL_WASSOI\DEBUG\BULLETS.OBJ
C:\MSYSGIT\MSYSGIT\GIT\GOLUAH-\DEVKIT100\GOLUAH\CHARDLL_WASSOI\DEBUG\CHARACTER.OBJ
C:\MSYSGIT\MSYSGIT\GIT\GOLUAH-\DEVKIT100\GOLUAH\CHARDLL_WASSOI\DEBUG\CHARDLL_WASSOI.DLL.EMBED.MANIFEST
C:\MSYSGIT\MSYSGIT\GIT\GOLUAH-\DEVKIT100\GOLUAH\CHARDLL_WASSOI\DEBUG\CHARDLL_WASSOI.DLL.EMBED.MANIFEST.RES
C:\MSYSGIT\MSYSGIT\GIT\GOLUAH-\DEVKIT100\GOLUAH\CHARDLL_WASSOI\DEBUG\CHARDLL_WASSOI.DLL.INTERMEDIATE.MANIFEST
C:\msysgit\msysgit\git\Goluah-\devkit100\goluah\chardll_wassoi\Debug\chardll_wassoi.exp
C:\msysgit\msysgit\git\Goluah-\devkit100\goluah\chardll_wassoi\Debug\chardll_wassoi.lib
C:\MSYSGIT\MSYSGIT\GIT\GOLUAH-\DEVKIT100\GOLUAH\CHARDLL_WASSOI\DEBUG\CHARDLL_WASSOI.PDB
C:\msysgit\msysgit\git\Goluah-\devkit100\goluah\chardll_wassoi\Debug\chardll_wassoi.write.1.tlog
C:\msysgit\msysgit\git\Goluah-\devkit100\goluah\chardll_wassoi\Debug\chardll_wassoi_manifest.rc
C:\msysgit\msysgit\git\Goluah-\devkit100\goluah\chardll_wassoi\Debug\cl.command.1.tlog
C:\msysgit\msysgit\git\Goluah-\devkit100\goluah\chardll_wassoi\Debug\CL.read.1.tlog
C:\msysgit\msysgit\git\Goluah-\devkit100\goluah\chardll_wassoi\Debug\CL.write.1.tlog
C:\MSYSGIT\MSYSGIT\GIT\GOLUAH-\DEVKIT100\GOLUAH\CHARDLL_WASSOI\DEBUG\GOBJBASE.OBJ
C:\msysgit\msysgit\git\Goluah-\devkit100\goluah\chardll_wassoi\Debug\link.6256.read.1.tlog
C:\msysgit\msysgit\git\Goluah-\devkit100\goluah\chardll_wassoi\Debug\link.6256.write.1.tlog
C:\msysgit\msysgit\git\Goluah-\devkit100\goluah\chardll_wassoi\Debug\link.6256-cvtres.read.1.tlog
C:\msysgit\msysgit\git\Goluah-\devkit100\goluah\chardll_wassoi\Debug\link.6256-cvtres.write.1.tlog
C:\msysgit\msysgit\git\Goluah-\devkit100\goluah\chardll_wassoi\Debug\link.command.1.tlog
C:\msysgit\msysgit\git\Goluah-\devkit100\goluah\chardll_wassoi\Debug\link.read.1.tlog
C:\msysgit\msysgit\git\Goluah-\devkit100\goluah\chardll_wassoi\Debug\link.write.1.tlog
C:\msysgit\msysgit\git\Goluah-\devkit100\goluah\chardll_wassoi\Debug\link-cvtres.read.1.tlog
C:\msysgit\msysgit\git\Goluah-\devkit100\goluah\chardll_wassoi\Debug\link-cvtres.write.1.tlog
C:\msysgit\msysgit\git\Goluah-\devkit100\goluah\chardll_wassoi\Debug\mt.command.1.tlog
C:\msysgit\msysgit\git\Goluah-\devkit100\goluah\chardll_wassoi\Debug\mt.read.1.tlog
C:\msysgit\msysgit\git\Goluah-\devkit100\goluah\chardll_wassoi\Debug\mt.write.1.tlog
C:\msysgit\msysgit\git\Goluah-\devkit100\goluah\chardll_wassoi\Debug\rc.command.1.tlog
C:\msysgit\msysgit\git\Goluah-\devkit100\goluah\chardll_wassoi\Debug\rc.read.1.tlog
C:\msysgit\msysgit\git\Goluah-\devkit100\goluah\chardll_wassoi\Debug\rc.write.1.tlog
C:\msysgit\msysgit\git\Goluah-\devkit100\goluah\chardll_wassoi\Debug\vc100.idb
C:\MSYSGIT\MSYSGIT\GIT\GOLUAH-\DEVKIT100\GOLUAH\CHARDLL_WASSOI\DEBUG\VC100.PDB
C:\MSYSGIT\MSYSGIT\GIT\GOLUAH-\DEVKIT100\GOLUAH\EXECENV\CHAR\STD\WASSOI\ACTION.DLL
C:\MSYSGIT\MSYSGIT\GIT\GOLUAH-\DEVKIT100\GOLUAH\EXECENV\CHAR\STD\WASSOI\ACTION.ILK
Debug\chardll_wassoi.pdb
