C:\MSYSGIT\MSYSGIT\GIT\GOLUAH-\DEVKIT100\GOLUAH\EXECENV\STAGE\3D\ISEKI\STAGE.DLL
C:\MSYSGIT\MSYSGIT\GIT\GOLUAH-\DEVKIT100\GOLUAH\EXECENV\STAGE\3D\ISEKI\STAGE.ILK
C:\msysgit\msysgit\git\Goluah-\devkit100\goluah\stagedll_iseki\Debug\cl.command.1.tlog
C:\msysgit\msysgit\git\Goluah-\devkit100\goluah\stagedll_iseki\Debug\CL.read.1.tlog
C:\msysgit\msysgit\git\Goluah-\devkit100\goluah\stagedll_iseki\Debug\CL.write.1.tlog
C:\MSYSGIT\MSYSGIT\GIT\GOLUAH-\DEVKIT100\GOLUAH\STAGEDLL_ISEKI\DEBUG\GOBJBASE.OBJ
C:\msysgit\msysgit\git\Goluah-\devkit100\goluah\stagedll_iseki\Debug\link.7860.read.1.tlog
C:\msysgit\msysgit\git\Goluah-\devkit100\goluah\stagedll_iseki\Debug\link.7860.write.1.tlog
C:\msysgit\msysgit\git\Goluah-\devkit100\goluah\stagedll_iseki\Debug\link.7860-cvtres.read.1.tlog
C:\msysgit\msysgit\git\Goluah-\devkit100\goluah\stagedll_iseki\Debug\link.7860-cvtres.write.1.tlog
C:\msysgit\msysgit\git\Goluah-\devkit100\goluah\stagedll_iseki\Debug\link.command.1.tlog
C:\msysgit\msysgit\git\Goluah-\devkit100\goluah\stagedll_iseki\Debug\link.read.1.tlog
C:\msysgit\msysgit\git\Goluah-\devkit100\goluah\stagedll_iseki\Debug\link.write.1.tlog
C:\msysgit\msysgit\git\Goluah-\devkit100\goluah\stagedll_iseki\Debug\link-cvtres.read.1.tlog
C:\msysgit\msysgit\git\Goluah-\devkit100\goluah\stagedll_iseki\Debug\link-cvtres.write.1.tlog
C:\msysgit\msysgit\git\Goluah-\devkit100\goluah\stagedll_iseki\Debug\mt.command.1.tlog
C:\msysgit\msysgit\git\Goluah-\devkit100\goluah\stagedll_iseki\Debug\mt.read.1.tlog
C:\msysgit\msysgit\git\Goluah-\devkit100\goluah\stagedll_iseki\Debug\mt.write.1.tlog
C:\msysgit\msysgit\git\Goluah-\devkit100\goluah\stagedll_iseki\Debug\rc.command.1.tlog
C:\msysgit\msysgit\git\Goluah-\devkit100\goluah\stagedll_iseki\Debug\rc.read.1.tlog
C:\msysgit\msysgit\git\Goluah-\devkit100\goluah\stagedll_iseki\Debug\rc.write.1.tlog
C:\MSYSGIT\MSYSGIT\GIT\GOLUAH-\DEVKIT100\GOLUAH\STAGEDLL_ISEKI\DEBUG\STAGE.OBJ
C:\MSYSGIT\MSYSGIT\GIT\GOLUAH-\DEVKIT100\GOLUAH\STAGEDLL_ISEKI\DEBUG\STAGEDLL_ISEKI.DLL.EMBED.MANIFEST
C:\MSYSGIT\MSYSGIT\GIT\GOLUAH-\DEVKIT100\GOLUAH\STAGEDLL_ISEKI\DEBUG\STAGEDLL_ISEKI.DLL.EMBED.MANIFEST.RES
C:\MSYSGIT\MSYSGIT\GIT\GOLUAH-\DEVKIT100\GOLUAH\STAGEDLL_ISEKI\DEBUG\STAGEDLL_ISEKI.DLL.INTERMEDIATE.MANIFEST
C:\msysgit\msysgit\git\Goluah-\devkit100\goluah\stagedll_iseki\Debug\stagedll_iseki.exp
C:\msysgit\msysgit\git\Goluah-\devkit100\goluah\stagedll_iseki\Debug\stagedll_iseki.lib
C:\MSYSGIT\MSYSGIT\GIT\GOLUAH-\DEVKIT100\GOLUAH\STAGEDLL_ISEKI\DEBUG\STAGEDLL_ISEKI.PDB
C:\msysgit\msysgit\git\Goluah-\devkit100\goluah\stagedll_iseki\Debug\stagedll_iseki.write.1.tlog
C:\msysgit\msysgit\git\Goluah-\devkit100\goluah\stagedll_iseki\Debug\stagedll_iseki_manifest.rc
C:\msysgit\msysgit\git\Goluah-\devkit100\goluah\stagedll_iseki\Debug\vc100.idb
C:\MSYSGIT\MSYSGIT\GIT\GOLUAH-\DEVKIT100\GOLUAH\STAGEDLL_ISEKI\DEBUG\VC100.PDB
Debug\stagedll_iseki.pdb
