C:\msysgit\msysgit\git\Goluah-\devkit100\goluah\/execenv/\goluah_d.exe
C:\msysgit\msysgit\git\Goluah-\devkit100\goluah\/execenv/\goluah_d.ilk
C:\msysgit\msysgit\git\Goluah-\devkit100\goluah\/execenv/\goluah_d.pdb
C:\MSYSGIT\MSYSGIT\GIT\GOLUAH-\DEVKIT100\GOLUAH\EXECENV\GOLUAH_D.EXE
C:\MSYSGIT\MSYSGIT\GIT\GOLUAH-\DEVKIT100\GOLUAH\EXECENV\GOLUAH_D.ILK
C:\MSYSGIT\MSYSGIT\GIT\GOLUAH-\DEVKIT100\GOLUAH\EXECENV\GOLUAH_D.PDB
C:\MSYSGIT\MSYSGIT\GIT\GOLUAH-\DEVKIT100\GOLUAH\GOLUAH\DEBUG\A_ACTION.OBJ
C:\MSYSGIT\MSYSGIT\GIT\GOLUAH-\DEVKIT100\GOLUAH\GOLUAH\DEBUG\ADAPT_MAIN.OBJ
C:\MSYSGIT\MSYSGIT\GIT\GOLUAH-\DEVKIT100\GOLUAH\GOLUAH\DEBUG\ADAPTOR.OBJ
C:\MSYSGIT\MSYSGIT\GIT\GOLUAH-\DEVKIT100\GOLUAH\GOLUAH\DEBUG\AKI3D.OBJ
C:\MSYSGIT\MSYSGIT\GIT\GOLUAH-\DEVKIT100\GOLUAH\GOLUAH\DEBUG\AKI3D_INTERNAL.OBJ
C:\MSYSGIT\MSYSGIT\GIT\GOLUAH-\DEVKIT100\GOLUAH\GOLUAH\DEBUG\BATTLE_LOAD_INFO.OBJ
C:\MSYSGIT\MSYSGIT\GIT\GOLUAH-\DEVKIT100\GOLUAH\GOLUAH\DEBUG\BATTLETASKBASE.OBJ
C:\MSYSGIT\MSYSGIT\GIT\GOLUAH-\DEVKIT100\GOLUAH\GOLUAH\DEBUG\BIGFACE_CACHE.OBJ
C:\MSYSGIT\MSYSGIT\GIT\GOLUAH-\DEVKIT100\GOLUAH\GOLUAH\DEBUG\CHARLIST.OBJ
C:\msysgit\msysgit\git\Goluah-\devkit100\goluah\goluah\Debug\cl.command.1.tlog
C:\msysgit\msysgit\git\Goluah-\devkit100\goluah\goluah\Debug\CL.read.1.tlog
C:\msysgit\msysgit\git\Goluah-\devkit100\goluah\goluah\Debug\CL.write.1.tlog
C:\MSYSGIT\MSYSGIT\GIT\GOLUAH-\DEVKIT100\GOLUAH\GOLUAH\DEBUG\CONFIG.OBJ
C:\MSYSGIT\MSYSGIT\GIT\GOLUAH-\DEVKIT100\GOLUAH\GOLUAH\DEBUG\DEBUG_ENDURANCE.OBJ
C:\MSYSGIT\MSYSGIT\GIT\GOLUAH-\DEVKIT100\GOLUAH\GOLUAH\DEBUG\DEBUG_MENU.OBJ
C:\MSYSGIT\MSYSGIT\GIT\GOLUAH-\DEVKIT100\GOLUAH\GOLUAH\DEBUG\DX_DRAW.OBJ
C:\MSYSGIT\MSYSGIT\GIT\GOLUAH-\DEVKIT100\GOLUAH\GOLUAH\DEBUG\DX_INPUT.OBJ
C:\MSYSGIT\MSYSGIT\GIT\GOLUAH-\DEVKIT100\GOLUAH\GOLUAH\DEBUG\DX_PLAY.OBJ
C:\MSYSGIT\MSYSGIT\GIT\GOLUAH-\DEVKIT100\GOLUAH\GOLUAH\DEBUG\DX_SOUND.OBJ
C:\MSYSGIT\MSYSGIT\GIT\GOLUAH-\DEVKIT100\GOLUAH\GOLUAH\DEBUG\EFCT_HIT.OBJ
C:\MSYSGIT\MSYSGIT\GIT\GOLUAH-\DEVKIT100\GOLUAH\GOLUAH\DEBUG\EFCT_OTHER.OBJ
C:\MSYSGIT\MSYSGIT\GIT\GOLUAH-\DEVKIT100\GOLUAH\GOLUAH\DEBUG\EFCT_SYS.OBJ
C:\MSYSGIT\MSYSGIT\GIT\GOLUAH-\DEVKIT100\GOLUAH\GOLUAH\DEBUG\EFCTLIST.OBJ
C:\MSYSGIT\MSYSGIT\GIT\GOLUAH-\DEVKIT100\GOLUAH\GOLUAH\DEBUG\EXPORT.OBJ
C:\MSYSGIT\MSYSGIT\GIT\GOLUAH-\DEVKIT100\GOLUAH\GOLUAH\DEBUG\GAUGE.OBJ
C:\MSYSGIT\MSYSGIT\GIT\GOLUAH-\DEVKIT100\GOLUAH\GOLUAH\DEBUG\GCDHANDLER.OBJ
C:\MSYSGIT\MSYSGIT\GIT\GOLUAH-\DEVKIT100\GOLUAH\GOLUAH\DEBUG\GLOBAL.OBJ
C:\MSYSGIT\MSYSGIT\GIT\GOLUAH-\DEVKIT100\GOLUAH\GOLUAH\DEBUG\GOLUAH.EXE.EMBED.MANIFEST
C:\MSYSGIT\MSYSGIT\GIT\GOLUAH-\DEVKIT100\GOLUAH\GOLUAH\DEBUG\GOLUAH.EXE.EMBED.MANIFEST.RES
C:\msysgit\msysgit\git\Goluah-\devkit100\goluah\goluah\Debug\goluah.exe.intermediate.manifest
C:\MSYSGIT\MSYSGIT\GIT\GOLUAH-\DEVKIT100\GOLUAH\GOLUAH\DEBUG\GOLUAH.OBJ
C:\MSYSGIT\MSYSGIT\GIT\GOLUAH-\DEVKIT100\GOLUAH\GOLUAH\DEBUG\GOLUAH.PCH
C:\msysgit\msysgit\git\Goluah-\devkit100\goluah\goluah\Debug\goluah.pdb
C:\MSYSGIT\MSYSGIT\GIT\GOLUAH-\DEVKIT100\GOLUAH\GOLUAH\DEBUG\GOLUAH.RES
C:\MSYSGIT\MSYSGIT\GIT\GOLUAH-\DEVKIT100\GOLUAH\GOLUAH\DEBUG\GOLUAH_D.EXE.EMBED.MANIFEST
C:\MSYSGIT\MSYSGIT\GIT\GOLUAH-\DEVKIT100\GOLUAH\GOLUAH\DEBUG\GOLUAH_D.EXE.EMBED.MANIFEST.RES
C:\MSYSGIT\MSYSGIT\GIT\GOLUAH-\DEVKIT100\GOLUAH\GOLUAH\DEBUG\GOLUAH_D.EXE.EXE.EMBED.MANIFEST
C:\MSYSGIT\MSYSGIT\GIT\GOLUAH-\DEVKIT100\GOLUAH\GOLUAH\DEBUG\GOLUAH_D.EXE.EXE.EMBED.MANIFEST.RES
C:\msysgit\msysgit\git\Goluah-\devkit100\goluah\goluah\Debug\goluah_d.exe.exe.intermediate.manifest
C:\MSYSGIT\MSYSGIT\GIT\GOLUAH-\DEVKIT100\GOLUAH\GOLUAH\DEBUG\GOLUAH_D.EXE.INTERMEDIATE.MANIFEST
C:\MSYSGIT\MSYSGIT\GIT\GOLUAH-\DEVKIT100\GOLUAH\GOLUAH\DEBUG\GOLUAH_D.EXE.PCH
C:\msysgit\msysgit\git\Goluah-\devkit100\goluah\goluah\Debug\goluah_d.exe_manifest.rc
C:\MSYSGIT\MSYSGIT\GIT\GOLUAH-\DEVKIT100\GOLUAH\GOLUAH\DEBUG\GOLUAH_D.PCH
C:\msysgit\msysgit\git\Goluah-\devkit100\goluah\goluah\Debug\goluah_d_manifest.rc
C:\msysgit\msysgit\git\Goluah-\devkit100\goluah\goluah\Debug\goluah_manifest.rc
C:\MSYSGIT\MSYSGIT\GIT\GOLUAH-\DEVKIT100\GOLUAH\GOLUAH\DEBUG\LIMCUT.OBJ
C:\msysgit\msysgit\git\Goluah-\devkit100\goluah\goluah\Debug\link.command.1.tlog
C:\msysgit\msysgit\git\Goluah-\devkit100\goluah\goluah\Debug\link.read.1.tlog
C:\msysgit\msysgit\git\Goluah-\devkit100\goluah\goluah\Debug\link.write.1.tlog
C:\msysgit\msysgit\git\Goluah-\devkit100\goluah\goluah\Debug\link-cvtres.read.1.tlog
C:\msysgit\msysgit\git\Goluah-\devkit100\goluah\goluah\Debug\link-cvtres.write.1.tlog
C:\MSYSGIT\MSYSGIT\GIT\GOLUAH-\DEVKIT100\GOLUAH\GOLUAH\DEBUG\LOG2FILE.OBJ
C:\MSYSGIT\MSYSGIT\GIT\GOLUAH-\DEVKIT100\GOLUAH\GOLUAH\DEBUG\MAIN.OBJ
C:\MSYSGIT\MSYSGIT\GIT\GOLUAH-\DEVKIT100\GOLUAH\GOLUAH\DEBUG\MIMIKAKI.OBJ
C:\msysgit\msysgit\git\Goluah-\devkit100\goluah\goluah\Debug\mt.command.1.tlog
C:\msysgit\msysgit\git\Goluah-\devkit100\goluah\goluah\Debug\mt.read.1.tlog
C:\msysgit\msysgit\git\Goluah-\devkit100\goluah\goluah\Debug\mt.write.1.tlog
C:\MSYSGIT\MSYSGIT\GIT\GOLUAH-\DEVKIT100\GOLUAH\GOLUAH\DEBUG\NAME.OBJ
C:\MSYSGIT\MSYSGIT\GIT\GOLUAH-\DEVKIT100\GOLUAH\GOLUAH\DEBUG\NAMEC.OBJ
C:\MSYSGIT\MSYSGIT\GIT\GOLUAH-\DEVKIT100\GOLUAH\GOLUAH\DEBUG\NETSTATE.OBJ
C:\MSYSGIT\MSYSGIT\GIT\GOLUAH-\DEVKIT100\GOLUAH\GOLUAH\DEBUG\OBJECT.OBJ
C:\msysgit\msysgit\git\Goluah-\devkit100\goluah\goluah\Debug\rc.command.1.tlog
C:\msysgit\msysgit\git\Goluah-\devkit100\goluah\goluah\Debug\rc.read.1.tlog
C:\msysgit\msysgit\git\Goluah-\devkit100\goluah\goluah\Debug\rc.write.1.tlog
C:\MSYSGIT\MSYSGIT\GIT\GOLUAH-\DEVKIT100\GOLUAH\GOLUAH\DEBUG\SCRIPT_DEMO.OBJ
C:\MSYSGIT\MSYSGIT\GIT\GOLUAH-\DEVKIT100\GOLUAH\GOLUAH\DEBUG\SCRIPT_LOADER.OBJ
C:\MSYSGIT\MSYSGIT\GIT\GOLUAH-\DEVKIT100\GOLUAH\GOLUAH\DEBUG\SCRIPT_STORY.OBJ
C:\MSYSGIT\MSYSGIT\GIT\GOLUAH-\DEVKIT100\GOLUAH\GOLUAH\DEBUG\STAGELIST.OBJ
C:\MSYSGIT\MSYSGIT\GIT\GOLUAH-\DEVKIT100\GOLUAH\GOLUAH\DEBUG\STDAFX.OBJ
C:\MSYSGIT\MSYSGIT\GIT\GOLUAH-\DEVKIT100\GOLUAH\GOLUAH\DEBUG\STORYLIST.OBJ
C:\MSYSGIT\MSYSGIT\GIT\GOLUAH-\DEVKIT100\GOLUAH\GOLUAH\DEBUG\SYSTEM.OBJ
C:\MSYSGIT\MSYSGIT\GIT\GOLUAH-\DEVKIT100\GOLUAH\GOLUAH\DEBUG\TASK.OBJ
C:\MSYSGIT\MSYSGIT\GIT\GOLUAH-\DEVKIT100\GOLUAH\GOLUAH\DEBUG\TASK_BATTLE.OBJ
C:\MSYSGIT\MSYSGIT\GIT\GOLUAH-\DEVKIT100\GOLUAH\GOLUAH\DEBUG\TASK_BATTLE_NET.OBJ
C:\MSYSGIT\MSYSGIT\GIT\GOLUAH-\DEVKIT100\GOLUAH\GOLUAH\DEBUG\TASK_BONUS.OBJ
C:\MSYSGIT\MSYSGIT\GIT\GOLUAH-\DEVKIT100\GOLUAH\GOLUAH\DEBUG\TASK_DEMO.OBJ
C:\MSYSGIT\MSYSGIT\GIT\GOLUAH-\DEVKIT100\GOLUAH\GOLUAH\DEBUG\TASK_DEMOBATTLE.OBJ
C:\MSYSGIT\MSYSGIT\GIT\GOLUAH-\DEVKIT100\GOLUAH\GOLUAH\DEBUG\TASK_ITEMS.OBJ
C:\MSYSGIT\MSYSGIT\GIT\GOLUAH-\DEVKIT100\GOLUAH\GOLUAH\DEBUG\TASK_LOADING.OBJ
C:\MSYSGIT\MSYSGIT\GIT\GOLUAH-\DEVKIT100\GOLUAH\GOLUAH\DEBUG\TASK_OPENING.OBJ
C:\MSYSGIT\MSYSGIT\GIT\GOLUAH-\DEVKIT100\GOLUAH\GOLUAH\DEBUG\TASK_OPTSELECTER.OBJ
C:\MSYSGIT\MSYSGIT\GIT\GOLUAH-\DEVKIT100\GOLUAH\GOLUAH\DEBUG\TASK_PAUSE.OBJ
C:\MSYSGIT\MSYSGIT\GIT\GOLUAH-\DEVKIT100\GOLUAH\GOLUAH\DEBUG\TASK_PRACTICE.OBJ
C:\MSYSGIT\MSYSGIT\GIT\GOLUAH-\DEVKIT100\GOLUAH\GOLUAH\DEBUG\TASK_SELECT.OBJ
C:\MSYSGIT\MSYSGIT\GIT\GOLUAH-\DEVKIT100\GOLUAH\GOLUAH\DEBUG\TASK_SELECT_PRACTICE.OBJ
C:\MSYSGIT\MSYSGIT\GIT\GOLUAH-\DEVKIT100\GOLUAH\GOLUAH\DEBUG\TASK_SELECT_STORY.OBJ
C:\MSYSGIT\MSYSGIT\GIT\GOLUAH-\DEVKIT100\GOLUAH\GOLUAH\DEBUG\TASK_SIMPLEOPTSEL.OBJ
C:\MSYSGIT\MSYSGIT\GIT\GOLUAH-\DEVKIT100\GOLUAH\GOLUAH\DEBUG\TASK_STAFFROLL.OBJ
C:\MSYSGIT\MSYSGIT\GIT\GOLUAH-\DEVKIT100\GOLUAH\GOLUAH\DEBUG\TASK_STORYMODE.OBJ
C:\MSYSGIT\MSYSGIT\GIT\GOLUAH-\DEVKIT100\GOLUAH\GOLUAH\DEBUG\TASK_TITLE.OBJ
C:\MSYSGIT\MSYSGIT\GIT\GOLUAH-\DEVKIT100\GOLUAH\GOLUAH\DEBUG\TASK_VSMODE.OBJ
C:\MSYSGIT\MSYSGIT\GIT\GOLUAH-\DEVKIT100\GOLUAH\GOLUAH\DEBUG\TASK_WIN.OBJ
C:\msysgit\msysgit\git\Goluah-\devkit100\goluah\goluah\Debug\vc100.idb
C:\MSYSGIT\MSYSGIT\GIT\GOLUAH-\DEVKIT100\GOLUAH\GOLUAH\DEBUG\VC100.PDB
