2011/04/12 14:52:57 にビルドを開始しました。
     1>ノード 2 上のプロジェクト "C:\msysgit\msysgit\git\Goluah-\devkit100\goluah\goluah\goluah.vcxproj" (build ターゲット)。
     1>InitializeBuildStatus:
         "AlwaysCreate" が指定されたため "Debug\goluah.unsuccessfulbuild" を作成しています。
       _MASM:
         Assembling [Inputs]...
       ClCompile:
         すべての出力が最新のものです。
         すべての出力が最新のものです。
         C:\Program Files (x86)\Microsoft Visual Studio 10.0\VC\bin\CL.exe /c /I"C:\msysgit\msysgit\git\Goluah-\devkit100\goluah\goluah\/source/app" /I"C:\msysgit\msysgit\git\Goluah-\devkit100\goluah\goluah\/source/battle/effect" /I"C:\msysgit\msysgit\git\Goluah-\devkit100\goluah\goluah\/source/battle/subtask" /I"C:\msysgit\msysgit\git\Goluah-\devkit100\goluah\/common/directx" /I"C:\msysgit\msysgit\git\Goluah-\devkit100\goluah\/common" /I"C:\msysgit\msysgit\git\Goluah-\devkit100\goluah\goluah\/source/battle" /I"C:\msysgit\msysgit\git\Goluah-\devkit100\goluah\goluah\/source/task" /I"C:\msysgit\msysgit\git\Goluah-\devkit100\goluah\goluah\/source/system" /I"C:\msysgit\msysgit\git\Goluah-\devkit100\goluah\goluah\/source/script" /I"C:\msysgit\msysgit\git\Goluah-\devkit100\goluah\goluah\/source/global" /I"C:\msysgit\msysgit\git\Goluah-\devkit100\goluah\goluah\/source/debug" /I"C:\msysgit\msysgit\git\Goluah-\devkit100\goluah\goluah\/source/dataHandler" /I"C:\msysgit\msysgit\git\Goluah-\devkit100\goluah\goluah\/source" /ZI /nologo /W3 /WX- /Od /Oy- /D WIN32 /D _WINDOWS /D _DEBUG /D _VC80_UPGRADE=0x0710 /D _MBCS /Gm /EHsc /RTC1 /MTd /GS /fp:fast /Zc:wchar_t /Zc:forScope /GR /Fo"Debug\\" /Fd"Debug\vc100.pdb" /Gd /TP /analyze- /errorReport:prompt ..\common\directx\dx_draw.cpp
         dx_draw.cpp
     1>c:\program files (x86)\microsoft directx sdk (april 2007)\include\strsafe.h(5595): warning C4996: '_vsnprintf': This function or variable may be unsafe. Consider using _vsnprintf_s instead. To disable deprecation, use _CRT_SECURE_NO_WARNINGS. See online help for details.
                 c:\program files (x86)\microsoft visual studio 10.0\vc\include\stdio.h(363) : '_vsnprintf' の宣言を確認してください。
     1>c:\program files (x86)\microsoft directx sdk (april 2007)\include\strsafe.h(5635): warning C4996: '_vsnwprintf': This function or variable may be unsafe. Consider using _vsnwprintf_s instead. To disable deprecation, use _CRT_SECURE_NO_WARNINGS. See online help for details.
                 c:\program files (x86)\microsoft visual studio 10.0\vc\include\stdio.h(488) : '_vsnwprintf' の宣言を確認してください。
     1>c:\program files (x86)\microsoft directx sdk (april 2007)\include\strsafe.h(5719): warning C4996: '_vsnprintf': This function or variable may be unsafe. Consider using _vsnprintf_s instead. To disable deprecation, use _CRT_SECURE_NO_WARNINGS. See online help for details.
                 c:\program files (x86)\microsoft visual studio 10.0\vc\include\stdio.h(363) : '_vsnprintf' の宣言を確認してください。
     1>c:\program files (x86)\microsoft directx sdk (april 2007)\include\strsafe.h(5871): warning C4996: '_vsnwprintf': This function or variable may be unsafe. Consider using _vsnwprintf_s instead. To disable deprecation, use _CRT_SECURE_NO_WARNINGS. See online help for details.
                 c:\program files (x86)\microsoft visual studio 10.0\vc\include\stdio.h(488) : '_vsnwprintf' の宣言を確認してください。
     1>c:\msysgit\msysgit\git\goluah-\devkit100\goluah\common\directx\dx_draw.cpp(1412): warning C4018: '<' : signed と unsigned の数値を比較しようとしました。
       ResourceCompile:
         すべての出力が最新のものです。
       ManifestResourceCompile:
         すべての出力が最新のものです。
       Link:
         C:\Program Files (x86)\Microsoft Visual Studio 10.0\VC\bin\link.exe /ERRORREPORT:PROMPT /OUT:"C:\msysgit\msysgit\git\Goluah-\devkit100\goluah\/execenv/goluah_d.exe" /INCREMENTAL /NOLOGO /LIBPATH:"C:\msysgit\msysgit\git\Goluah-\devkit100\goluah\/lib/" d3d8.lib d3dx8.lib strmiids.lib dxguid.lib dinput8.lib winmm.lib dsound.lib Netapi32.lib zlib.lib libpng.lib libjpeg.lib /NODEFAULTLIB:LIBCMT /NODEFAULTLIB:MSVCRT /NODEFAULTLIB:LIBCD /NODEFAULTLIB:libci /MANIFEST /ManifestFile:"Debug\goluah_d.exe.intermediate.manifest" /MANIFESTUAC:"level='asInvoker' uiAccess='false'" /DEBUG /PDB:"C:\msysgit\msysgit\git\Goluah-\devkit100\goluah\execenv\goluah_d.pdb" /SUBSYSTEM:WINDOWS /TLBID:1 /DYNAMICBASE /NXCOMPAT /MACHINE:X86 Debug\goluah.res
         Debug\goluah_d.exe.embed.manifest.res
         Debug\Name.obj
         Debug\NameC.obj
         Debug\NetState.obj
         Debug\task_demobattle.obj
         Debug\goluah.obj
         Debug\main.obj
         Debug\stdafx.obj
         Debug\system.obj
         Debug\task.obj
         Debug\battle_load_info.obj
         Debug\bigface_cache.obj
         Debug\export.obj
         Debug\global.obj
         Debug\log2file.obj
         Debug\charlist.obj
         Debug\stagelist.obj
         Debug\storylist.obj
         Debug\task_demo.obj
         Debug\task_items.obj
         Debug\task_opening.obj
         Debug\task_optselecter.obj
         Debug\task_select.obj
         Debug\task_select_practice.obj
         Debug\task_select_story.obj
         Debug\task_simpleoptsel.obj
         Debug\task_staffroll.obj
         Debug\task_storymode.obj
         Debug\task_title.obj
         Debug\task_vsmode.obj
         Debug\task_win.obj
         Debug\battleTaskBase.obj
         Debug\gauge.obj
         Debug\object.obj
         Debug\task_battle.obj
         Debug\task_battle_net.obj
         Debug\task_Bonus.obj
         Debug\task_practice.obj
         Debug\efct_hit.obj
         Debug\efct_other.obj
         Debug\efct_sys.obj
         Debug\efctlist.obj
         Debug\task_loading.obj
         Debug\task_pause.obj
         Debug\a_action.obj
         Debug\adapt_main.obj
         Debug\adaptor.obj
         Debug\mimikaki.obj
         Debug\script_demo.obj
         Debug\script_loader.obj
         Debug\script_story.obj
         Debug\aki3d.obj
         Debug\aki3d_internal.obj
         Debug\config.obj
         Debug\gcdhandler.obj
         Debug\limcut.obj
         Debug\dx_draw.obj
         Debug\dx_input.obj
         Debug\dx_play.obj
         Debug\dx_sound.obj
         Debug\debug_endurance.obj
         Debug\debug_menu.obj
       Manifest:
         C:\Program Files (x86)\Microsoft SDKs\Windows\v7.0A\bin\mt.exe /nologo /verbose /out:"Debug\goluah_d.exe.embed.manifest" /manifest Debug\goluah_d.exe.intermediate.manifest "C:\Program Files (x86)\Microsoft Visual Studio 10.0\VC\Include\Manifest\dpiaware.manifest"
         すべての出力が最新のものです。
       LinkEmbedManifest:
         すべての出力が最新のものです。
         goluah.vcxproj -> C:\msysgit\msysgit\git\Goluah-\devkit100\goluah\/execenv/\goluah_d.exe
       FinalizeBuildStatus:
         ファイル "Debug\goluah.unsuccessfulbuild" を削除しています。
         "Debug\goluah.lastbuildstate" のタッチ タスクを実行しています。
     1>プロジェクト "C:\msysgit\msysgit\git\Goluah-\devkit100\goluah\goluah\goluah.vcxproj" (build ターゲット) のビルドが完了しました。

ビルドに成功しました。

経過時間 00:00:15.44
