C:\MSYSGIT\MSYSGIT\GIT\GOLUAH-\DEVKIT100\GOLUAH\EXECENV\GOLUAH_C100.DLL
C:\MSYSGIT\MSYSGIT\GIT\GOLUAH-\DEVKIT100\GOLUAH\EXECENV\GOLUAH_C100.ILK
C:\msysgit\msysgit\git\Goluah-\devkit100\goluah\goluah_c100\Debug\cl.command.1.tlog
C:\msysgit\msysgit\git\Goluah-\devkit100\goluah\goluah_c100\Debug\CL.read.1.tlog
C:\msysgit\msysgit\git\Goluah-\devkit100\goluah\goluah_c100\Debug\CL.write.1.tlog
C:\MSYSGIT\MSYSGIT\GIT\GOLUAH-\DEVKIT100\GOLUAH\GOLUAH_C100\DEBUG\GOBJBASE.OBJ
C:\MSYSGIT\MSYSGIT\GIT\GOLUAH-\DEVKIT100\GOLUAH\GOLUAH_C100\DEBUG\GOLUAH_C100.DLL.EMBED.MANIFEST
C:\MSYSGIT\MSYSGIT\GIT\GOLUAH-\DEVKIT100\GOLUAH\GOLUAH_C100\DEBUG\GOLUAH_C100.DLL.EMBED.MANIFEST.RES
C:\MSYSGIT\MSYSGIT\GIT\GOLUAH-\DEVKIT100\GOLUAH\GOLUAH_C100\DEBUG\GOLUAH_C100.DLL.INTERMEDIATE.MANIFEST
C:\MSYSGIT\MSYSGIT\GIT\GOLUAH-\DEVKIT100\GOLUAH\GOLUAH_C100\DEBUG\GOLUAH_C100.PDB
C:\msysgit\msysgit\git\Goluah-\devkit100\goluah\goluah_c100\Debug\goluah_c100.write.1.tlog
C:\msysgit\msysgit\git\Goluah-\devkit100\goluah\goluah_c100\Debug\goluah_c100_manifest.rc
C:\msysgit\msysgit\git\Goluah-\devkit100\goluah\goluah_c100\Debug\link.6804.read.1.tlog
C:\msysgit\msysgit\git\Goluah-\devkit100\goluah\goluah_c100\Debug\link.6804.write.1.tlog
C:\msysgit\msysgit\git\Goluah-\devkit100\goluah\goluah_c100\Debug\link.6804-cvtres.read.1.tlog
C:\msysgit\msysgit\git\Goluah-\devkit100\goluah\goluah_c100\Debug\link.6804-cvtres.write.1.tlog
C:\msysgit\msysgit\git\Goluah-\devkit100\goluah\goluah_c100\Debug\link.command.1.tlog
C:\msysgit\msysgit\git\Goluah-\devkit100\goluah\goluah_c100\Debug\link.read.1.tlog
C:\msysgit\msysgit\git\Goluah-\devkit100\goluah\goluah_c100\Debug\link.write.1.tlog
C:\msysgit\msysgit\git\Goluah-\devkit100\goluah\goluah_c100\Debug\link-cvtres.read.1.tlog
C:\msysgit\msysgit\git\Goluah-\devkit100\goluah\goluah_c100\Debug\link-cvtres.write.1.tlog
C:\msysgit\msysgit\git\Goluah-\devkit100\goluah\goluah_c100\Debug\mt.command.1.tlog
C:\msysgit\msysgit\git\Goluah-\devkit100\goluah\goluah_c100\Debug\mt.read.1.tlog
C:\msysgit\msysgit\git\Goluah-\devkit100\goluah\goluah_c100\Debug\mt.write.1.tlog
C:\msysgit\msysgit\git\Goluah-\devkit100\goluah\goluah_c100\Debug\rc.command.1.tlog
C:\msysgit\msysgit\git\Goluah-\devkit100\goluah\goluah_c100\Debug\rc.read.1.tlog
C:\msysgit\msysgit\git\Goluah-\devkit100\goluah\goluah_c100\Debug\rc.write.1.tlog
C:\msysgit\msysgit\git\Goluah-\devkit100\goluah\goluah_c100\Debug\vc100.idb
C:\MSYSGIT\MSYSGIT\GIT\GOLUAH-\DEVKIT100\GOLUAH\GOLUAH_C100\DEBUG\VC100.PDB
C:\msysgit\msysgit\git\Goluah-\devkit100\goluah\lib\goluah_c100.exp
C:\msysgit\msysgit\git\Goluah-\devkit100\goluah\lib\goluah_c100.lib
Debug\goluah_c100.pdb
