C:\MSYSGIT\MSYSGIT\GIT\GOLUAH-\DEVKIT100\GOLUAH\EXECENV\GOLUAH_EFCT.DLL
C:\MSYSGIT\MSYSGIT\GIT\GOLUAH-\DEVKIT100\GOLUAH\EXECENV\GOLUAH_EFCT.ILK
C:\MSYSGIT\MSYSGIT\GIT\GOLUAH-\DEVKIT100\GOLUAH\GOLUAH_EFCT\DEBUG\AKI3D.OBJ
C:\MSYSGIT\MSYSGIT\GIT\GOLUAH-\DEVKIT100\GOLUAH\GOLUAH_EFCT\DEBUG\AKI3D_INTERNAL.OBJ
C:\msysgit\msysgit\git\Goluah-\devkit100\goluah\goluah_efct\Debug\cl.command.1.tlog
C:\msysgit\msysgit\git\Goluah-\devkit100\goluah\goluah_efct\Debug\CL.read.1.tlog
C:\msysgit\msysgit\git\Goluah-\devkit100\goluah\goluah_efct\Debug\CL.write.1.tlog
C:\MSYSGIT\MSYSGIT\GIT\GOLUAH-\DEVKIT100\GOLUAH\GOLUAH_EFCT\DEBUG\GOLUAH_EFCT.DLL.EMBED.MANIFEST
C:\MSYSGIT\MSYSGIT\GIT\GOLUAH-\DEVKIT100\GOLUAH\GOLUAH_EFCT\DEBUG\GOLUAH_EFCT.DLL.EMBED.MANIFEST.RES
C:\MSYSGIT\MSYSGIT\GIT\GOLUAH-\DEVKIT100\GOLUAH\GOLUAH_EFCT\DEBUG\GOLUAH_EFCT.DLL.INTERMEDIATE.MANIFEST
C:\MSYSGIT\MSYSGIT\GIT\GOLUAH-\DEVKIT100\GOLUAH\GOLUAH_EFCT\DEBUG\GOLUAH_EFCT.PDB
C:\msysgit\msysgit\git\Goluah-\devkit100\goluah\goluah_efct\Debug\goluah_efct_manifest.rc
C:\msysgit\msysgit\git\Goluah-\devkit100\goluah\goluah_efct\Debug\link.6020.read.1.tlog
C:\msysgit\msysgit\git\Goluah-\devkit100\goluah\goluah_efct\Debug\link.6020.write.1.tlog
C:\msysgit\msysgit\git\Goluah-\devkit100\goluah\goluah_efct\Debug\link.6020-cvtres.read.1.tlog
C:\msysgit\msysgit\git\Goluah-\devkit100\goluah\goluah_efct\Debug\link.6020-cvtres.write.1.tlog
C:\msysgit\msysgit\git\Goluah-\devkit100\goluah\goluah_efct\Debug\link.command.1.tlog
C:\msysgit\msysgit\git\Goluah-\devkit100\goluah\goluah_efct\Debug\link.read.1.tlog
C:\msysgit\msysgit\git\Goluah-\devkit100\goluah\goluah_efct\Debug\link.write.1.tlog
C:\msysgit\msysgit\git\Goluah-\devkit100\goluah\goluah_efct\Debug\link-cvtres.read.1.tlog
C:\msysgit\msysgit\git\Goluah-\devkit100\goluah\goluah_efct\Debug\link-cvtres.write.1.tlog
C:\msysgit\msysgit\git\Goluah-\devkit100\goluah\goluah_efct\Debug\mt.command.1.tlog
C:\msysgit\msysgit\git\Goluah-\devkit100\goluah\goluah_efct\Debug\mt.read.1.tlog
C:\msysgit\msysgit\git\Goluah-\devkit100\goluah\goluah_efct\Debug\mt.write.1.tlog
C:\msysgit\msysgit\git\Goluah-\devkit100\goluah\goluah_efct\Debug\rc.command.1.tlog
C:\msysgit\msysgit\git\Goluah-\devkit100\goluah\goluah_efct\Debug\rc.read.1.tlog
C:\msysgit\msysgit\git\Goluah-\devkit100\goluah\goluah_efct\Debug\rc.write.1.tlog
C:\msysgit\msysgit\git\Goluah-\devkit100\goluah\goluah_efct\Debug\vc100.idb
C:\MSYSGIT\MSYSGIT\GIT\GOLUAH-\DEVKIT100\GOLUAH\GOLUAH_EFCT\DEBUG\VC100.PDB
Debug\goluah_efct.pdb
