C:\MSYSGIT\MSYSGIT\GIT\GOLUAH-\DEVKIT100\GOLUAH\EXECENV\SYSTEM\DEFSTG.DLL
C:\MSYSGIT\MSYSGIT\GIT\GOLUAH-\DEVKIT100\GOLUAH\EXECENV\SYSTEM\DEFSTG.ILK
C:\msysgit\msysgit\git\Goluah-\devkit100\goluah\stagedll_systemdefault\Debug\cl.command.1.tlog
C:\msysgit\msysgit\git\Goluah-\devkit100\goluah\stagedll_systemdefault\Debug\CL.read.1.tlog
C:\msysgit\msysgit\git\Goluah-\devkit100\goluah\stagedll_systemdefault\Debug\CL.write.1.tlog
C:\MSYSGIT\MSYSGIT\GIT\GOLUAH-\DEVKIT100\GOLUAH\STAGEDLL_SYSTEMDEFAULT\DEBUG\GOBJBASE.OBJ
C:\msysgit\msysgit\git\Goluah-\devkit100\goluah\stagedll_systemdefault\Debug\link.5400.read.1.tlog
C:\msysgit\msysgit\git\Goluah-\devkit100\goluah\stagedll_systemdefault\Debug\link.5400.write.1.tlog
C:\msysgit\msysgit\git\Goluah-\devkit100\goluah\stagedll_systemdefault\Debug\link.5400-cvtres.read.1.tlog
C:\msysgit\msysgit\git\Goluah-\devkit100\goluah\stagedll_systemdefault\Debug\link.5400-cvtres.write.1.tlog
C:\msysgit\msysgit\git\Goluah-\devkit100\goluah\stagedll_systemdefault\Debug\link.command.1.tlog
C:\msysgit\msysgit\git\Goluah-\devkit100\goluah\stagedll_systemdefault\Debug\link.read.1.tlog
C:\msysgit\msysgit\git\Goluah-\devkit100\goluah\stagedll_systemdefault\Debug\link.write.1.tlog
C:\msysgit\msysgit\git\Goluah-\devkit100\goluah\stagedll_systemdefault\Debug\link-cvtres.read.1.tlog
C:\msysgit\msysgit\git\Goluah-\devkit100\goluah\stagedll_systemdefault\Debug\link-cvtres.write.1.tlog
C:\msysgit\msysgit\git\Goluah-\devkit100\goluah\stagedll_systemdefault\Debug\mt.command.1.tlog
C:\msysgit\msysgit\git\Goluah-\devkit100\goluah\stagedll_systemdefault\Debug\mt.read.1.tlog
C:\msysgit\msysgit\git\Goluah-\devkit100\goluah\stagedll_systemdefault\Debug\mt.write.1.tlog
C:\msysgit\msysgit\git\Goluah-\devkit100\goluah\stagedll_systemdefault\Debug\rc.command.1.tlog
C:\msysgit\msysgit\git\Goluah-\devkit100\goluah\stagedll_systemdefault\Debug\rc.read.1.tlog
C:\msysgit\msysgit\git\Goluah-\devkit100\goluah\stagedll_systemdefault\Debug\rc.write.1.tlog
C:\MSYSGIT\MSYSGIT\GIT\GOLUAH-\DEVKIT100\GOLUAH\STAGEDLL_SYSTEMDEFAULT\DEBUG\STAGE.OBJ
C:\MSYSGIT\MSYSGIT\GIT\GOLUAH-\DEVKIT100\GOLUAH\STAGEDLL_SYSTEMDEFAULT\DEBUG\STAGEDLL_SYSTEMDEFAULT.DLL.EMBED.MANIFEST
C:\MSYSGIT\MSYSGIT\GIT\GOLUAH-\DEVKIT100\GOLUAH\STAGEDLL_SYSTEMDEFAULT\DEBUG\STAGEDLL_SYSTEMDEFAULT.DLL.EMBED.MANIFEST.RES
C:\MSYSGIT\MSYSGIT\GIT\GOLUAH-\DEVKIT100\GOLUAH\STAGEDLL_SYSTEMDEFAULT\DEBUG\STAGEDLL_SYSTEMDEFAULT.DLL.INTERMEDIATE.MANIFEST
C:\msysgit\msysgit\git\Goluah-\devkit100\goluah\stagedll_systemdefault\Debug\stagedll_systemdefault.exp
C:\msysgit\msysgit\git\Goluah-\devkit100\goluah\stagedll_systemdefault\Debug\stagedll_systemdefault.lib
C:\MSYSGIT\MSYSGIT\GIT\GOLUAH-\DEVKIT100\GOLUAH\STAGEDLL_SYSTEMDEFAULT\DEBUG\STAGEDLL_SYSTEMDEFAULT.PDB
C:\msysgit\msysgit\git\Goluah-\devkit100\goluah\stagedll_systemdefault\Debug\stagedll_systemdefault.write.1.tlog
C:\msysgit\msysgit\git\Goluah-\devkit100\goluah\stagedll_systemdefault\Debug\stagedll_systemdefault_manifest.rc
C:\msysgit\msysgit\git\Goluah-\devkit100\goluah\stagedll_systemdefault\Debug\vc100.idb
C:\MSYSGIT\MSYSGIT\GIT\GOLUAH-\DEVKIT100\GOLUAH\STAGEDLL_SYSTEMDEFAULT\DEBUG\VC100.PDB
Debug\stagedll_systemdefault.pdb
