C:\MSYSGIT\MSYSGIT\GIT\GOLUAH-\DEVKIT100\GOLUAH\ARE_EDITER\DEBUG\ARE_EDITER.EXE
C:\MSYSGIT\MSYSGIT\GIT\GOLUAH-\DEVKIT100\GOLUAH\ARE_EDITER\DEBUG\ARE_EDITER.EXE.EMBED.MANIFEST
C:\MSYSGIT\MSYSGIT\GIT\GOLUAH-\DEVKIT100\GOLUAH\ARE_EDITER\DEBUG\ARE_EDITER.EXE.EMBED.MANIFEST.RES
C:\MSYSGIT\MSYSGIT\GIT\GOLUAH-\DEVKIT100\GOLUAH\ARE_EDITER\DEBUG\ARE_EDITER.EXE.INTERMEDIATE.MANIFEST
C:\MSYSGIT\MSYSGIT\GIT\GOLUAH-\DEVKIT100\GOLUAH\ARE_EDITER\DEBUG\ARE_EDITER.ILK
C:\MSYSGIT\MSYSGIT\GIT\GOLUAH-\DEVKIT100\GOLUAH\ARE_EDITER\DEBUG\ARE_EDITER.OBJ
C:\MSYSGIT\MSYSGIT\GIT\GOLUAH-\DEVKIT100\GOLUAH\ARE_EDITER\DEBUG\ARE_EDITER.PCH
C:\MSYSGIT\MSYSGIT\GIT\GOLUAH-\DEVKIT100\GOLUAH\ARE_EDITER\DEBUG\ARE_EDITER.PDB
C:\MSYSGIT\MSYSGIT\GIT\GOLUAH-\DEVKIT100\GOLUAH\ARE_EDITER\DEBUG\ARE_EDITER.RES
C:\msysgit\msysgit\git\Goluah-\devkit100\goluah\are_editer\Debug\are_editer_manifest.rc
C:\MSYSGIT\MSYSGIT\GIT\GOLUAH-\DEVKIT100\GOLUAH\ARE_EDITER\DEBUG\ARE_EDITERDLG.OBJ
C:\MSYSGIT\MSYSGIT\GIT\GOLUAH-\DEVKIT100\GOLUAH\ARE_EDITER\DEBUG\CELLEDITDLG.OBJ
C:\MSYSGIT\MSYSGIT\GIT\GOLUAH-\DEVKIT100\GOLUAH\ARE_EDITER\DEBUG\CHILDWND.OBJ
C:\msysgit\msysgit\git\Goluah-\devkit100\goluah\are_editer\Debug\cl.command.1.tlog
C:\msysgit\msysgit\git\Goluah-\devkit100\goluah\are_editer\Debug\CL.read.1.tlog
C:\msysgit\msysgit\git\Goluah-\devkit100\goluah\are_editer\Debug\CL.write.1.tlog
C:\MSYSGIT\MSYSGIT\GIT\GOLUAH-\DEVKIT100\GOLUAH\ARE_EDITER\DEBUG\DLGCELLDISP.OBJ
C:\MSYSGIT\MSYSGIT\GIT\GOLUAH-\DEVKIT100\GOLUAH\ARE_EDITER\DEBUG\DLGCPAGETOOL.OBJ
C:\MSYSGIT\MSYSGIT\GIT\GOLUAH-\DEVKIT100\GOLUAH\ARE_EDITER\DEBUG\DLGOTHER.OBJ
C:\MSYSGIT\MSYSGIT\GIT\GOLUAH-\DEVKIT100\GOLUAH\ARE_EDITER\DEBUG\DLGPAGE1.OBJ
C:\MSYSGIT\MSYSGIT\GIT\GOLUAH-\DEVKIT100\GOLUAH\ARE_EDITER\DEBUG\DLGPAGE2.OBJ
C:\MSYSGIT\MSYSGIT\GIT\GOLUAH-\DEVKIT100\GOLUAH\ARE_EDITER\DEBUG\DLGPAGE3.OBJ
C:\MSYSGIT\MSYSGIT\GIT\GOLUAH-\DEVKIT100\GOLUAH\ARE_EDITER\DEBUG\DLGPAGE4.OBJ
C:\MSYSGIT\MSYSGIT\GIT\GOLUAH-\DEVKIT100\GOLUAH\ARE_EDITER\DEBUG\DLGRPAGE1.OBJ
C:\MSYSGIT\MSYSGIT\GIT\GOLUAH-\DEVKIT100\GOLUAH\ARE_EDITER\DEBUG\DLGTPAGE2.OBJ
C:\MSYSGIT\MSYSGIT\GIT\GOLUAH-\DEVKIT100\GOLUAH\ARE_EDITER\DEBUG\DX_DRAW.OBJ
C:\MSYSGIT\MSYSGIT\GIT\GOLUAH-\DEVKIT100\GOLUAH\ARE_EDITER\DEBUG\GCDHANDLER.OBJ
C:\msysgit\msysgit\git\Goluah-\devkit100\goluah\are_editer\Debug\link.command.1.tlog
C:\msysgit\msysgit\git\Goluah-\devkit100\goluah\are_editer\Debug\link.read.1.tlog
C:\msysgit\msysgit\git\Goluah-\devkit100\goluah\are_editer\Debug\link.write.1.tlog
C:\msysgit\msysgit\git\Goluah-\devkit100\goluah\are_editer\Debug\link-cvtres.read.1.tlog
C:\msysgit\msysgit\git\Goluah-\devkit100\goluah\are_editer\Debug\link-cvtres.write.1.tlog
C:\msysgit\msysgit\git\Goluah-\devkit100\goluah\are_editer\Debug\mt.command.1.tlog
C:\msysgit\msysgit\git\Goluah-\devkit100\goluah\are_editer\Debug\mt.read.1.tlog
C:\msysgit\msysgit\git\Goluah-\devkit100\goluah\are_editer\Debug\mt.write.1.tlog
C:\msysgit\msysgit\git\Goluah-\devkit100\goluah\are_editer\Debug\rc.command.1.tlog
C:\msysgit\msysgit\git\Goluah-\devkit100\goluah\are_editer\Debug\rc.read.1.tlog
C:\msysgit\msysgit\git\Goluah-\devkit100\goluah\are_editer\Debug\rc.write.1.tlog
C:\MSYSGIT\MSYSGIT\GIT\GOLUAH-\DEVKIT100\GOLUAH\ARE_EDITER\DEBUG\RECTEDITDLG.OBJ
C:\MSYSGIT\MSYSGIT\GIT\GOLUAH-\DEVKIT100\GOLUAH\ARE_EDITER\DEBUG\STDAFX.OBJ
C:\msysgit\msysgit\git\Goluah-\devkit100\goluah\are_editer\Debug\vc100.idb
C:\MSYSGIT\MSYSGIT\GIT\GOLUAH-\DEVKIT100\GOLUAH\ARE_EDITER\DEBUG\VC100.PDB
Debug\are_editer.ilk
Debug\are_editer.pdb
