2011/04/11 21:12:28 にビルドを開始しました。
     1>ノード 2 上のプロジェクト "C:\msysgit\msysgit\git\Goluah-\devkit100\goluah\are_editer\are_editer.vcxproj" (build ターゲット)。
     1>InitializeBuildStatus:
         "AlwaysCreate" が指定されたため "Debug\are_editer.unsuccessfulbuild" を作成しています。
       _MASM:
         Assembling [Inputs]...
       ClCompile:
         C:\Program Files (x86)\Microsoft Visual Studio 10.0\VC\bin\CL.exe /c /I"C:\msysgit\msysgit\git\Goluah-\devkit100\goluah\/common" /I"C:\msysgit\msysgit\git\Goluah-\devkit100\goluah\/common/directx" /ZI /nologo /W3 /WX- /Od /Oy- /D WIN32 /D _WINDOWS /D _DEBUG /D GCD_EDITER /D _VC80_UPGRADE=0x0710 /D _MBCS /Gm /EHsc /RTC1 /MTd /GS /fp:precise /Zc:wchar_t /Zc:forScope /GR /Yc"StdAfx.h" /Fp"Debug\are_editer.pch" /Fo"Debug\\" /Fd"Debug\vc100.pdb" /Gd /TP /analyze- /errorReport:prompt stdafx.cpp
         stdafx.cpp
         C:\Program Files (x86)\Microsoft Visual Studio 10.0\VC\bin\CL.exe /c /I"C:\msysgit\msysgit\git\Goluah-\devkit100\goluah\/common" /I"C:\msysgit\msysgit\git\Goluah-\devkit100\goluah\/common/directx" /ZI /nologo /W3 /WX- /Od /Oy- /D WIN32 /D _WINDOWS /D _DEBUG /D GCD_EDITER /D _VC80_UPGRADE=0x0710 /D _MBCS /Gm /EHsc /RTC1 /MTd /GS /fp:precise /Zc:wchar_t /Zc:forScope /GR /Yu"StdAfx.h" /Fp"Debug\are_editer.pch" /Fo"Debug\\" /Fd"Debug\vc100.pdb" /Gd /TP /analyze- /errorReport:prompt DlgRPage1.cpp DlgTPage2.cpp DlgCellDisp.cpp DlgCPageTool.cpp DlgPage2.cpp DlgPage3.cpp DlgPage4.cpp are_editer.cpp are_editerDlg.cpp CelleditDlg.cpp ChildWnd.cpp RecteditDlg.cpp DlgPage1.cpp DlgOther.cpp
         DlgOther.cpp
     1>c:\msysgit\msysgit\git\goluah-\devkit100\goluah\are_editer\dlgother.cpp(1): warning C4627: '#include "..\goluah_config\dlgother.h"': プリコンパイル済みヘッダーの使用を検索中にスキップされました
                 ディレクティブを 'StdAfx.h' に追加するか、プリコンパイル済みヘッダーをビルドし直します
         DlgPage1.cpp
     1>c:\msysgit\msysgit\git\goluah-\devkit100\goluah\are_editer\dlgpage1.cpp(1): warning C4627: '#include "..\goluah_config\dlgpage1.h"': プリコンパイル済みヘッダーの使用を検索中にスキップされました
                 ディレクティブを 'StdAfx.h' に追加するか、プリコンパイル済みヘッダーをビルドし直します
     1>c:\msysgit\msysgit\git\goluah-\devkit100\goluah\are_editer\dlgpage1.cpp(273): warning C4996: 'strcpy': This function or variable may be unsafe. Consider using strcpy_s instead. To disable deprecation, use _CRT_SECURE_NO_WARNINGS. See online help for details.
                 c:\program files (x86)\microsoft visual studio 10.0\vc\include\string.h(105) : 'strcpy' の宣言を確認してください。
     1>c:\msysgit\msysgit\git\goluah-\devkit100\goluah\are_editer\dlgpage1.cpp(282): warning C4996: 'sscanf': This function or variable may be unsafe. Consider using sscanf_s instead. To disable deprecation, use _CRT_SECURE_NO_WARNINGS. See online help for details.
                 c:\program files (x86)\microsoft visual studio 10.0\vc\include\stdio.h(325) : 'sscanf' の宣言を確認してください。
     1>c:\msysgit\msysgit\git\goluah-\devkit100\goluah\are_editer\dlgpage1.cpp(285): warning C4996: 'strcpy': This function or variable may be unsafe. Consider using strcpy_s instead. To disable deprecation, use _CRT_SECURE_NO_WARNINGS. See online help for details.
                 c:\program files (x86)\microsoft visual studio 10.0\vc\include\string.h(105) : 'strcpy' の宣言を確認してください。
         RecteditDlg.cpp
         ChildWnd.cpp
     1>c:\msysgit\msysgit\git\goluah-\devkit100\goluah\are_editer\childwnd.cpp(254): warning C4244: '引数' : 'float' から 'int' への変換です。データが失われる可能性があります。
     1>c:\msysgit\msysgit\git\goluah-\devkit100\goluah\are_editer\childwnd.cpp(254): warning C4244: '引数' : 'float' から 'int' への変換です。データが失われる可能性があります。
     1>c:\msysgit\msysgit\git\goluah-\devkit100\goluah\are_editer\childwnd.cpp(255): warning C4244: '引数' : 'float' から 'int' への変換です。データが失われる可能性があります。
     1>c:\msysgit\msysgit\git\goluah-\devkit100\goluah\are_editer\childwnd.cpp(255): warning C4244: '引数' : 'float' から 'int' への変換です。データが失われる可能性があります。
         CelleditDlg.cpp
         are_editerDlg.cpp
         are_editer.cpp
         DlgPage4.cpp
         DlgPage3.cpp
     1>c:\msysgit\msysgit\git\goluah-\devkit100\goluah\are_editer\dlgpage3.cpp(1): warning C4627: '#include "..\goluah_config\dlgpage3.h"': プリコンパイル済みヘッダーの使用を検索中にスキップされました
                 ディレクティブを 'StdAfx.h' に追加するか、プリコンパイル済みヘッダーをビルドし直します
     1>c:\msysgit\msysgit\git\goluah-\devkit100\goluah\are_editer\dlgpage3.cpp(2): warning C4627: '#include "..\goluah_config\dlgpage3.h"': プリコンパイル済みヘッダーの使用を検索中にスキップされました
                 ディレクティブを 'StdAfx.h' に追加するか、プリコンパイル済みヘッダーをビルドし直します
     1>c:\msysgit\msysgit\git\goluah-\devkit100\goluah\are_editer\dlgpage3.cpp(3): warning C4627: '#include "..\goluah_config\dlgpage3.h"': プリコンパイル済みヘッダーの使用を検索中にスキップされました
                 ディレクティブを 'StdAfx.h' に追加するか、プリコンパイル済みヘッダーをビルドし直します
         DlgPage2.cpp
     1>c:\msysgit\msysgit\git\goluah-\devkit100\goluah\are_editer\dlgpage2.cpp(1): warning C4627: '#include "..\goluah_config\dlgpage2.h"': プリコンパイル済みヘッダーの使用を検索中にスキップされました
                 ディレクティブを 'StdAfx.h' に追加するか、プリコンパイル済みヘッダーをビルドし直します
     1>c:\msysgit\msysgit\git\goluah-\devkit100\goluah\are_editer\dlgpage2.cpp(2): warning C4627: '#include "..\goluah_config\dlgpage2.h"': プリコンパイル済みヘッダーの使用を検索中にスキップされました
                 ディレクティブを 'StdAfx.h' に追加するか、プリコンパイル済みヘッダーをビルドし直します
     1>c:\msysgit\msysgit\git\goluah-\devkit100\goluah\are_editer\dlgpage2.cpp(3): warning C4627: '#include "..\goluah_config\dlgpage2.h"': プリコンパイル済みヘッダーの使用を検索中にスキップされました
                 ディレクティブを 'StdAfx.h' に追加するか、プリコンパイル済みヘッダーをビルドし直します
     1>c:\msysgit\msysgit\git\goluah-\devkit100\goluah\are_editer\dlgpage2.cpp(4): warning C4627: '#include "..\goluah_config\dlgpage2.h"': プリコンパイル済みヘッダーの使用を検索中にスキップされました
                 ディレクティブを 'StdAfx.h' に追加するか、プリコンパイル済みヘッダーをビルドし直します
     1>c:\msysgit\msysgit\git\goluah-\devkit100\goluah\are_editer\dlgpage2.cpp(294): warning C4996: 'strcpy': This function or variable may be unsafe. Consider using strcpy_s instead. To disable deprecation, use _CRT_SECURE_NO_WARNINGS. See online help for details.
                 c:\program files (x86)\microsoft visual studio 10.0\vc\include\string.h(105) : 'strcpy' の宣言を確認してください。
         DlgCPageTool.cpp
         DlgCellDisp.cpp
         DlgTPage2.cpp
         DlgRPage1.cpp
         コードを生成中...
         C:\Program Files (x86)\Microsoft Visual Studio 10.0\VC\bin\CL.exe /c /I"C:\msysgit\msysgit\git\Goluah-\devkit100\goluah\/common" /I"C:\msysgit\msysgit\git\Goluah-\devkit100\goluah\/common/directx" /ZI /nologo /W3 /WX- /Od /Oy- /D WIN32 /D _WINDOWS /D _DEBUG /D GCD_EDITER /D _VC80_UPGRADE=0x0710 /D _MBCS /Gm /EHsc /RTC1 /MTd /GS /fp:precise /Zc:wchar_t /Zc:forScope /GR /Fo"Debug\\" /Fd"Debug\vc100.pdb" /Gd /TP /analyze- /errorReport:prompt ..\common\gcdhandler.cpp ..\common\directx\dx_draw.cpp
         dx_draw.cpp
     1>c:\msysgit\msysgit\git\goluah-\devkit100\goluah\common\directx\dx_draw.cpp(646): warning C4996: 'sprintf': This function or variable may be unsafe. Consider using sprintf_s instead. To disable deprecation, use _CRT_SECURE_NO_WARNINGS. See online help for details.
                 c:\program files (x86)\microsoft visual studio 10.0\vc\include\stdio.h(371) : 'sprintf' の宣言を確認してください。
     1>c:\msysgit\msysgit\git\goluah-\devkit100\goluah\common\directx\dx_draw.cpp(650): warning C4996: 'sprintf': This function or variable may be unsafe. Consider using sprintf_s instead. To disable deprecation, use _CRT_SECURE_NO_WARNINGS. See online help for details.
                 c:\program files (x86)\microsoft visual studio 10.0\vc\include\stdio.h(371) : 'sprintf' の宣言を確認してください。
     1>c:\msysgit\msysgit\git\goluah-\devkit100\goluah\common\directx\dx_draw.cpp(651): warning C4996: 'sprintf': This function or variable may be unsafe. Consider using sprintf_s instead. To disable deprecation, use _CRT_SECURE_NO_WARNINGS. See online help for details.
                 c:\program files (x86)\microsoft visual studio 10.0\vc\include\stdio.h(371) : 'sprintf' の宣言を確認してください。
     1>c:\msysgit\msysgit\git\goluah-\devkit100\goluah\common\directx\dx_draw.cpp(652): warning C4996: 'sprintf': This function or variable may be unsafe. Consider using sprintf_s instead. To disable deprecation, use _CRT_SECURE_NO_WARNINGS. See online help for details.
                 c:\program files (x86)\microsoft visual studio 10.0\vc\include\stdio.h(371) : 'sprintf' の宣言を確認してください。
     1>c:\msysgit\msysgit\git\goluah-\devkit100\goluah\common\directx\dx_draw.cpp(653): warning C4996: 'sprintf': This function or variable may be unsafe. Consider using sprintf_s instead. To disable deprecation, use _CRT_SECURE_NO_WARNINGS. See online help for details.
                 c:\program files (x86)\microsoft visual studio 10.0\vc\include\stdio.h(371) : 'sprintf' の宣言を確認してください。
     1>c:\msysgit\msysgit\git\goluah-\devkit100\goluah\common\directx\dx_draw.cpp(654): warning C4996: 'sprintf': This function or variable may be unsafe. Consider using sprintf_s instead. To disable deprecation, use _CRT_SECURE_NO_WARNINGS. See online help for details.
                 c:\program files (x86)\microsoft visual studio 10.0\vc\include\stdio.h(371) : 'sprintf' の宣言を確認してください。
     1>c:\msysgit\msysgit\git\goluah-\devkit100\goluah\common\directx\dx_draw.cpp(655): warning C4996: 'sprintf': This function or variable may be unsafe. Consider using sprintf_s instead. To disable deprecation, use _CRT_SECURE_NO_WARNINGS. See online help for details.
                 c:\program files (x86)\microsoft visual studio 10.0\vc\include\stdio.h(371) : 'sprintf' の宣言を確認してください。
     1>c:\msysgit\msysgit\git\goluah-\devkit100\goluah\common\directx\dx_draw.cpp(656): warning C4996: 'sprintf': This function or variable may be unsafe. Consider using sprintf_s instead. To disable deprecation, use _CRT_SECURE_NO_WARNINGS. See online help for details.
                 c:\program files (x86)\microsoft visual studio 10.0\vc\include\stdio.h(371) : 'sprintf' の宣言を確認してください。
     1>c:\msysgit\msysgit\git\goluah-\devkit100\goluah\common\directx\dx_draw.cpp(657): warning C4996: 'sprintf': This function or variable may be unsafe. Consider using sprintf_s instead. To disable deprecation, use _CRT_SECURE_NO_WARNINGS. See online help for details.
                 c:\program files (x86)\microsoft visual studio 10.0\vc\include\stdio.h(371) : 'sprintf' の宣言を確認してください。
     1>c:\msysgit\msysgit\git\goluah-\devkit100\goluah\common\directx\dx_draw.cpp(658): warning C4996: 'sprintf': This function or variable may be unsafe. Consider using sprintf_s instead. To disable deprecation, use _CRT_SECURE_NO_WARNINGS. See online help for details.
                 c:\program files (x86)\microsoft visual studio 10.0\vc\include\stdio.h(371) : 'sprintf' の宣言を確認してください。
     1>c:\msysgit\msysgit\git\goluah-\devkit100\goluah\common\directx\dx_draw.cpp(661): warning C4996: 'sprintf': This function or variable may be unsafe. Consider using sprintf_s instead. To disable deprecation, use _CRT_SECURE_NO_WARNINGS. See online help for details.
                 c:\program files (x86)\microsoft visual studio 10.0\vc\include\stdio.h(371) : 'sprintf' の宣言を確認してください。
     1>c:\msysgit\msysgit\git\goluah-\devkit100\goluah\common\directx\dx_draw.cpp(662): warning C4996: 'sprintf': This function or variable may be unsafe. Consider using sprintf_s instead. To disable deprecation, use _CRT_SECURE_NO_WARNINGS. See online help for details.
                 c:\program files (x86)\microsoft visual studio 10.0\vc\include\stdio.h(371) : 'sprintf' の宣言を確認してください。
     1>c:\msysgit\msysgit\git\goluah-\devkit100\goluah\common\directx\dx_draw.cpp(663): warning C4996: 'sprintf': This function or variable may be unsafe. Consider using sprintf_s instead. To disable deprecation, use _CRT_SECURE_NO_WARNINGS. See online help for details.
                 c:\program files (x86)\microsoft visual studio 10.0\vc\include\stdio.h(371) : 'sprintf' の宣言を確認してください。
     1>c:\msysgit\msysgit\git\goluah-\devkit100\goluah\common\directx\dx_draw.cpp(664): warning C4996: 'sprintf': This function or variable may be unsafe. Consider using sprintf_s instead. To disable deprecation, use _CRT_SECURE_NO_WARNINGS. See online help for details.
                 c:\program files (x86)\microsoft visual studio 10.0\vc\include\stdio.h(371) : 'sprintf' の宣言を確認してください。
     1>c:\msysgit\msysgit\git\goluah-\devkit100\goluah\common\directx\dx_draw.cpp(667): warning C4996: 'sprintf': This function or variable may be unsafe. Consider using sprintf_s instead. To disable deprecation, use _CRT_SECURE_NO_WARNINGS. See online help for details.
                 c:\program files (x86)\microsoft visual studio 10.0\vc\include\stdio.h(371) : 'sprintf' の宣言を確認してください。
     1>c:\msysgit\msysgit\git\goluah-\devkit100\goluah\common\directx\dx_draw.cpp(668): warning C4996: 'sprintf': This function or variable may be unsafe. Consider using sprintf_s instead. To disable deprecation, use _CRT_SECURE_NO_WARNINGS. See online help for details.
                 c:\program files (x86)\microsoft visual studio 10.0\vc\include\stdio.h(371) : 'sprintf' の宣言を確認してください。
     1>c:\msysgit\msysgit\git\goluah-\devkit100\goluah\common\directx\dx_draw.cpp(669): warning C4996: 'sprintf': This function or variable may be unsafe. Consider using sprintf_s instead. To disable deprecation, use _CRT_SECURE_NO_WARNINGS. See online help for details.
                 c:\program files (x86)\microsoft visual studio 10.0\vc\include\stdio.h(371) : 'sprintf' の宣言を確認してください。
     1>c:\msysgit\msysgit\git\goluah-\devkit100\goluah\common\directx\dx_draw.cpp(670): warning C4996: 'sprintf': This function or variable may be unsafe. Consider using sprintf_s instead. To disable deprecation, use _CRT_SECURE_NO_WARNINGS. See online help for details.
                 c:\program files (x86)\microsoft visual studio 10.0\vc\include\stdio.h(371) : 'sprintf' の宣言を確認してください。
     1>c:\msysgit\msysgit\git\goluah-\devkit100\goluah\common\directx\dx_draw.cpp(671): warning C4996: 'sprintf': This function or variable may be unsafe. Consider using sprintf_s instead. To disable deprecation, use _CRT_SECURE_NO_WARNINGS. See online help for details.
                 c:\program files (x86)\microsoft visual studio 10.0\vc\include\stdio.h(371) : 'sprintf' の宣言を確認してください。
     1>c:\msysgit\msysgit\git\goluah-\devkit100\goluah\common\directx\dx_draw.cpp(672): warning C4996: 'sprintf': This function or variable may be unsafe. Consider using sprintf_s instead. To disable deprecation, use _CRT_SECURE_NO_WARNINGS. See online help for details.
                 c:\program files (x86)\microsoft visual studio 10.0\vc\include\stdio.h(371) : 'sprintf' の宣言を確認してください。
     1>c:\msysgit\msysgit\git\goluah-\devkit100\goluah\common\directx\dx_draw.cpp(675): warning C4996: 'sprintf': This function or variable may be unsafe. Consider using sprintf_s instead. To disable deprecation, use _CRT_SECURE_NO_WARNINGS. See online help for details.
                 c:\program files (x86)\microsoft visual studio 10.0\vc\include\stdio.h(371) : 'sprintf' の宣言を確認してください。
     1>c:\msysgit\msysgit\git\goluah-\devkit100\goluah\common\directx\dx_draw.cpp(846): warning C4996: 'sprintf': This function or variable may be unsafe. Consider using sprintf_s instead. To disable deprecation, use _CRT_SECURE_NO_WARNINGS. See online help for details.
                 c:\program files (x86)\microsoft visual studio 10.0\vc\include\stdio.h(371) : 'sprintf' の宣言を確認してください。
     1>c:\msysgit\msysgit\git\goluah-\devkit100\goluah\common\directx\dx_draw.cpp(847): warning C4996: 'sprintf': This function or variable may be unsafe. Consider using sprintf_s instead. To disable deprecation, use _CRT_SECURE_NO_WARNINGS. See online help for details.
                 c:\program files (x86)\microsoft visual studio 10.0\vc\include\stdio.h(371) : 'sprintf' の宣言を確認してください。
     1>c:\msysgit\msysgit\git\goluah-\devkit100\goluah\common\directx\dx_draw.cpp(861): warning C4996: 'sprintf': This function or variable may be unsafe. Consider using sprintf_s instead. To disable deprecation, use _CRT_SECURE_NO_WARNINGS. See online help for details.
                 c:\program files (x86)\microsoft visual studio 10.0\vc\include\stdio.h(371) : 'sprintf' の宣言を確認してください。
     1>c:\msysgit\msysgit\git\goluah-\devkit100\goluah\common\directx\dx_draw.cpp(873): warning C4996: 'sprintf': This function or variable may be unsafe. Consider using sprintf_s instead. To disable deprecation, use _CRT_SECURE_NO_WARNINGS. See online help for details.
                 c:\program files (x86)\microsoft visual studio 10.0\vc\include\stdio.h(371) : 'sprintf' の宣言を確認してください。
     1>c:\msysgit\msysgit\git\goluah-\devkit100\goluah\common\directx\dx_draw.cpp(884): warning C4996: 'sprintf': This function or variable may be unsafe. Consider using sprintf_s instead. To disable deprecation, use _CRT_SECURE_NO_WARNINGS. See online help for details.
                 c:\program files (x86)\microsoft visual studio 10.0\vc\include\stdio.h(371) : 'sprintf' の宣言を確認してください。
     1>c:\msysgit\msysgit\git\goluah-\devkit100\goluah\common\directx\dx_draw.cpp(885): warning C4996: 'sprintf': This function or variable may be unsafe. Consider using sprintf_s instead. To disable deprecation, use _CRT_SECURE_NO_WARNINGS. See online help for details.
                 c:\program files (x86)\microsoft visual studio 10.0\vc\include\stdio.h(371) : 'sprintf' の宣言を確認してください。
     1>c:\msysgit\msysgit\git\goluah-\devkit100\goluah\common\directx\dx_draw.cpp(899): warning C4996: 'sprintf': This function or variable may be unsafe. Consider using sprintf_s instead. To disable deprecation, use _CRT_SECURE_NO_WARNINGS. See online help for details.
                 c:\program files (x86)\microsoft visual studio 10.0\vc\include\stdio.h(371) : 'sprintf' の宣言を確認してください。
     1>c:\msysgit\msysgit\git\goluah-\devkit100\goluah\common\directx\dx_draw.cpp(1415): warning C4018: '<' : signed と unsigned の数値を比較しようとしました。
     1>c:\msysgit\msysgit\git\goluah-\devkit100\goluah\common\directx\dx_draw.cpp(1529): warning C4996: 'fopen': This function or variable may be unsafe. Consider using fopen_s instead. To disable deprecation, use _CRT_SECURE_NO_WARNINGS. See online help for details.
                 c:\program files (x86)\microsoft visual studio 10.0\vc\include\stdio.h(234) : 'fopen' の宣言を確認してください。
     1>c:\msysgit\msysgit\git\goluah-\devkit100\goluah\common\directx\dx_draw.cpp(1978): warning C4996: 'fopen': This function or variable may be unsafe. Consider using fopen_s instead. To disable deprecation, use _CRT_SECURE_NO_WARNINGS. See online help for details.
                 c:\program files (x86)\microsoft visual studio 10.0\vc\include\stdio.h(234) : 'fopen' の宣言を確認してください。
     1>c:\msysgit\msysgit\git\goluah-\devkit100\goluah\common\directx\dx_draw.cpp(2830): warning C4305: '引数' : 'double' から 'FLOAT' へ切り詰めます。
     1>c:\msysgit\msysgit\git\goluah-\devkit100\goluah\common\directx\dx_draw.cpp(3017): warning C4305: '引数' : 'double' から 'FLOAT' へ切り詰めます。
         gcdhandler.cpp
     1>c:\msysgit\msysgit\git\goluah-\devkit100\goluah\common\gcdhandler.cpp(807): warning C4996: 'sprintf': This function or variable may be unsafe. Consider using sprintf_s instead. To disable deprecation, use _CRT_SECURE_NO_WARNINGS. See online help for details.
                 c:\program files (x86)\microsoft visual studio 10.0\vc\include\stdio.h(371) : 'sprintf' の宣言を確認してください。
         コードを生成中...
       ResourceCompile:
         C:\Program Files (x86)\Microsoft SDKs\Windows\v7.0A\bin\rc.exe /D _DEBUG /D _VC80_UPGRADE=0x0710 /l"0x0409" /IDebug\ /nologo /fo"Debug\are_editer.res" are_editer.rc 
       ManifestResourceCompile:
         C:\Program Files (x86)\Microsoft SDKs\Windows\v7.0A\bin\rc.exe /nologo /fo"Debug\are_editer.exe.embed.manifest.res" Debug\are_editer_manifest.rc 
       Link:
         C:\Program Files (x86)\Microsoft Visual Studio 10.0\VC\bin\link.exe /ERRORREPORT:PROMPT /OUT:"Debug\are_editer.exe" /INCREMENTAL /NOLOGO /LIBPATH:"C:\msysgit\msysgit\git\Goluah-\devkit100\goluah\/lib/" d3d8.lib d3dx8.lib libpng.lib zlib.lib /NODEFAULTLIB:LIBCMT /NODEFAULTLIB:MSVCRT /NODEFAULTLIB:libci /MANIFEST /ManifestFile:"Debug\are_editer.exe.intermediate.manifest" /MANIFESTUAC:"level='asInvoker' uiAccess='false'" /DEBUG /PDB:"C:\msysgit\msysgit\git\Goluah-\devkit100\goluah\are_editer\Debug\are_editer.pdb" /SUBSYSTEM:WINDOWS /TLBID:1 /DYNAMICBASE /NXCOMPAT /IMPLIB:"Debug\are_editer.lib" /MACHINE:X86 Debug\are_editer.res
         Debug\are_editer.exe.embed.manifest.res
         Debug\stdafx.obj
         Debug\DlgRPage1.obj
         Debug\DlgTPage2.obj
         Debug\DlgCellDisp.obj
         Debug\DlgCPageTool.obj
         Debug\DlgPage2.obj
         Debug\DlgPage3.obj
         Debug\DlgPage4.obj
         Debug\are_editer.obj
         Debug\are_editerDlg.obj
         Debug\CelleditDlg.obj
         Debug\ChildWnd.obj
         Debug\RecteditDlg.obj
         Debug\gcdhandler.obj
         Debug\dx_draw.obj
         Debug\DlgPage1.obj
         Debug\DlgOther.obj
       Manifest:
         C:\Program Files (x86)\Microsoft SDKs\Windows\v7.0A\bin\mt.exe /nologo /verbose /out:"Debug\are_editer.exe.embed.manifest" /manifest Debug\are_editer.exe.intermediate.manifest "C:\Program Files (x86)\Microsoft Visual Studio 10.0\VC\Include\Manifest\dpiaware.manifest"
         C:\Program Files (x86)\Microsoft SDKs\Windows\v7.0A\bin\rc.exe /nologo /fo"Debug\are_editer.exe.embed.manifest.res" Debug\are_editer_manifest.rc 
       LinkEmbedManifest:
         C:\Program Files (x86)\Microsoft Visual Studio 10.0\VC\bin\link.exe /ERRORREPORT:PROMPT /OUT:"Debug\are_editer.exe" /INCREMENTAL /NOLOGO /LIBPATH:"C:\msysgit\msysgit\git\Goluah-\devkit100\goluah\/lib/" d3d8.lib d3dx8.lib libpng.lib zlib.lib /NODEFAULTLIB:LIBCMT /NODEFAULTLIB:MSVCRT /NODEFAULTLIB:libci /MANIFEST /ManifestFile:"Debug\are_editer.exe.intermediate.manifest" /MANIFESTUAC:"level='asInvoker' uiAccess='false'" /DEBUG /PDB:"C:\msysgit\msysgit\git\Goluah-\devkit100\goluah\are_editer\Debug\are_editer.pdb" /SUBSYSTEM:WINDOWS /TLBID:1 /DYNAMICBASE /NXCOMPAT /IMPLIB:"Debug\are_editer.lib" /MACHINE:X86 Debug\are_editer.res
         Debug\are_editer.exe.embed.manifest.res
         Debug\stdafx.obj
         Debug\DlgRPage1.obj
         Debug\DlgTPage2.obj
         Debug\DlgCellDisp.obj
         Debug\DlgCPageTool.obj
         Debug\DlgPage2.obj
         Debug\DlgPage3.obj
         Debug\DlgPage4.obj
         Debug\are_editer.obj
         Debug\are_editerDlg.obj
         Debug\CelleditDlg.obj
         Debug\ChildWnd.obj
         Debug\RecteditDlg.obj
         Debug\gcdhandler.obj
         Debug\dx_draw.obj
         Debug\DlgPage1.obj
         Debug\DlgOther.obj
         are_editer.vcxproj -> C:\msysgit\msysgit\git\Goluah-\devkit100\goluah\are_editer\Debug\are_editer.exe
       FinalizeBuildStatus:
         ファイル "Debug\are_editer.unsuccessfulbuild" を削除しています。
         "Debug\are_editer.lastbuildstate" のタッチ タスクを実行しています。
     1>プロジェクト "C:\msysgit\msysgit\git\Goluah-\devkit100\goluah\are_editer\are_editer.vcxproj" (build ターゲット) のビルドが完了しました。

ビルドに成功しました。

経過時間 00:00:58.63
