C:\MSYSGIT\MSYSGIT\GIT\GOLUAH-\DEVKIT100\GOLUAH\CHARDLL_MORARA\DEBUG\ACTION_ATTACK.OBJ
C:\MSYSGIT\MSYSGIT\GIT\GOLUAH-\DEVKIT100\GOLUAH\CHARDLL_MORARA\DEBUG\ACTION_HISSATU.OBJ
C:\MSYSGIT\MSYSGIT\GIT\GOLUAH-\DEVKIT100\GOLUAH\CHARDLL_MORARA\DEBUG\ACTION_NORMAL.OBJ
C:\MSYSGIT\MSYSGIT\GIT\GOLUAH-\DEVKIT100\GOLUAH\CHARDLL_MORARA\DEBUG\AKI3D.OBJ
C:\MSYSGIT\MSYSGIT\GIT\GOLUAH-\DEVKIT100\GOLUAH\CHARDLL_MORARA\DEBUG\AKI3D_INTERNAL.OBJ
C:\MSYSGIT\MSYSGIT\GIT\GOLUAH-\DEVKIT100\GOLUAH\CHARDLL_MORARA\DEBUG\BULLETS.OBJ
C:\MSYSGIT\MSYSGIT\GIT\GOLUAH-\DEVKIT100\GOLUAH\CHARDLL_MORARA\DEBUG\CHARACTER.OBJ
C:\MSYSGIT\MSYSGIT\GIT\GOLUAH-\DEVKIT100\GOLUAH\CHARDLL_MORARA\DEBUG\CHARDLL_MORARA.DLL.EMBED.MANIFEST
C:\MSYSGIT\MSYSGIT\GIT\GOLUAH-\DEVKIT100\GOLUAH\CHARDLL_MORARA\DEBUG\CHARDLL_MORARA.DLL.EMBED.MANIFEST.RES
C:\MSYSGIT\MSYSGIT\GIT\GOLUAH-\DEVKIT100\GOLUAH\CHARDLL_MORARA\DEBUG\CHARDLL_MORARA.DLL.INTERMEDIATE.MANIFEST
C:\msysgit\msysgit\git\Goluah-\devkit100\goluah\chardll_morara\Debug\chardll_morara.exp
C:\msysgit\msysgit\git\Goluah-\devkit100\goluah\chardll_morara\Debug\chardll_morara.lib
C:\MSYSGIT\MSYSGIT\GIT\GOLUAH-\DEVKIT100\GOLUAH\CHARDLL_MORARA\DEBUG\CHARDLL_MORARA.PDB
C:\msysgit\msysgit\git\Goluah-\devkit100\goluah\chardll_morara\Debug\chardll_morara.write.1.tlog
C:\msysgit\msysgit\git\Goluah-\devkit100\goluah\chardll_morara\Debug\chardll_morara_manifest.rc
C:\msysgit\msysgit\git\Goluah-\devkit100\goluah\chardll_morara\Debug\cl.command.1.tlog
C:\msysgit\msysgit\git\Goluah-\devkit100\goluah\chardll_morara\Debug\CL.read.1.tlog
C:\msysgit\msysgit\git\Goluah-\devkit100\goluah\chardll_morara\Debug\CL.write.1.tlog
C:\MSYSGIT\MSYSGIT\GIT\GOLUAH-\DEVKIT100\GOLUAH\CHARDLL_MORARA\DEBUG\EL_ACTION_ATTACK.OBJ
C:\MSYSGIT\MSYSGIT\GIT\GOLUAH-\DEVKIT100\GOLUAH\CHARDLL_MORARA\DEBUG\EL_ACTION_HISSATU.OBJ
C:\MSYSGIT\MSYSGIT\GIT\GOLUAH-\DEVKIT100\GOLUAH\CHARDLL_MORARA\DEBUG\EL_ACTION_NORMAL.OBJ
C:\MSYSGIT\MSYSGIT\GIT\GOLUAH-\DEVKIT100\GOLUAH\CHARDLL_MORARA\DEBUG\EL_BULLETS.OBJ
C:\MSYSGIT\MSYSGIT\GIT\GOLUAH-\DEVKIT100\GOLUAH\CHARDLL_MORARA\DEBUG\EL_CHARACTER.OBJ
C:\MSYSGIT\MSYSGIT\GIT\GOLUAH-\DEVKIT100\GOLUAH\CHARDLL_MORARA\DEBUG\GOBJBASE.OBJ
C:\msysgit\msysgit\git\Goluah-\devkit100\goluah\chardll_morara\Debug\link.4440.read.1.tlog
C:\msysgit\msysgit\git\Goluah-\devkit100\goluah\chardll_morara\Debug\link.4440.write.1.tlog
C:\msysgit\msysgit\git\Goluah-\devkit100\goluah\chardll_morara\Debug\link.4440-cvtres.read.1.tlog
C:\msysgit\msysgit\git\Goluah-\devkit100\goluah\chardll_morara\Debug\link.4440-cvtres.write.1.tlog
C:\msysgit\msysgit\git\Goluah-\devkit100\goluah\chardll_morara\Debug\link.command.1.tlog
C:\msysgit\msysgit\git\Goluah-\devkit100\goluah\chardll_morara\Debug\link.read.1.tlog
C:\msysgit\msysgit\git\Goluah-\devkit100\goluah\chardll_morara\Debug\link.write.1.tlog
C:\msysgit\msysgit\git\Goluah-\devkit100\goluah\chardll_morara\Debug\link-cvtres.read.1.tlog
C:\msysgit\msysgit\git\Goluah-\devkit100\goluah\chardll_morara\Debug\link-cvtres.write.1.tlog
C:\MSYSGIT\MSYSGIT\GIT\GOLUAH-\DEVKIT100\GOLUAH\CHARDLL_MORARA\DEBUG\MAIN.OBJ
C:\msysgit\msysgit\git\Goluah-\devkit100\goluah\chardll_morara\Debug\mt.command.1.tlog
C:\msysgit\msysgit\git\Goluah-\devkit100\goluah\chardll_morara\Debug\mt.read.1.tlog
C:\msysgit\msysgit\git\Goluah-\devkit100\goluah\chardll_morara\Debug\mt.write.1.tlog
C:\msysgit\msysgit\git\Goluah-\devkit100\goluah\chardll_morara\Debug\rc.command.1.tlog
C:\msysgit\msysgit\git\Goluah-\devkit100\goluah\chardll_morara\Debug\rc.read.1.tlog
C:\msysgit\msysgit\git\Goluah-\devkit100\goluah\chardll_morara\Debug\rc.write.1.tlog
C:\msysgit\msysgit\git\Goluah-\devkit100\goluah\chardll_morara\Debug\vc100.idb
C:\MSYSGIT\MSYSGIT\GIT\GOLUAH-\DEVKIT100\GOLUAH\CHARDLL_MORARA\DEBUG\VC100.PDB
C:\MSYSGIT\MSYSGIT\GIT\GOLUAH-\DEVKIT100\GOLUAH\EXECENV\CHAR\STD\MORARA\ACTION.DLL
C:\MSYSGIT\MSYSGIT\GIT\GOLUAH-\DEVKIT100\GOLUAH\EXECENV\CHAR\STD\MORARA\ACTION.ILK
Debug\chardll_morara.pdb
