C:\MSYSGIT\MSYSGIT\GIT\GOLUAH-\DEVKIT100\GOLUAH\EXECENV\STAGE\3D\YUKI\STAGE.DLL
C:\MSYSGIT\MSYSGIT\GIT\GOLUAH-\DEVKIT100\GOLUAH\EXECENV\STAGE\3D\YUKI\STAGE.ILK
C:\MSYSGIT\MSYSGIT\GIT\GOLUAH-\DEVKIT100\GOLUAH\STAGEDLL_YUKI\DEBUG\AKI3D.OBJ
C:\MSYSGIT\MSYSGIT\GIT\GOLUAH-\DEVKIT100\GOLUAH\STAGEDLL_YUKI\DEBUG\AKI3D_INTERNAL.OBJ
C:\msysgit\msysgit\git\Goluah-\devkit100\goluah\stagedll_yuki\Debug\cl.command.1.tlog
C:\msysgit\msysgit\git\Goluah-\devkit100\goluah\stagedll_yuki\Debug\CL.read.1.tlog
C:\msysgit\msysgit\git\Goluah-\devkit100\goluah\stagedll_yuki\Debug\CL.write.1.tlog
C:\MSYSGIT\MSYSGIT\GIT\GOLUAH-\DEVKIT100\GOLUAH\STAGEDLL_YUKI\DEBUG\GOBJBASE.OBJ
C:\msysgit\msysgit\git\Goluah-\devkit100\goluah\stagedll_yuki\Debug\link.5388.read.1.tlog
C:\msysgit\msysgit\git\Goluah-\devkit100\goluah\stagedll_yuki\Debug\link.5388.write.1.tlog
C:\msysgit\msysgit\git\Goluah-\devkit100\goluah\stagedll_yuki\Debug\link.5388-cvtres.read.1.tlog
C:\msysgit\msysgit\git\Goluah-\devkit100\goluah\stagedll_yuki\Debug\link.5388-cvtres.write.1.tlog
C:\msysgit\msysgit\git\Goluah-\devkit100\goluah\stagedll_yuki\Debug\link.command.1.tlog
C:\msysgit\msysgit\git\Goluah-\devkit100\goluah\stagedll_yuki\Debug\link.read.1.tlog
C:\msysgit\msysgit\git\Goluah-\devkit100\goluah\stagedll_yuki\Debug\link.write.1.tlog
C:\msysgit\msysgit\git\Goluah-\devkit100\goluah\stagedll_yuki\Debug\link-cvtres.read.1.tlog
C:\msysgit\msysgit\git\Goluah-\devkit100\goluah\stagedll_yuki\Debug\link-cvtres.write.1.tlog
C:\msysgit\msysgit\git\Goluah-\devkit100\goluah\stagedll_yuki\Debug\mt.command.1.tlog
C:\msysgit\msysgit\git\Goluah-\devkit100\goluah\stagedll_yuki\Debug\mt.read.1.tlog
C:\msysgit\msysgit\git\Goluah-\devkit100\goluah\stagedll_yuki\Debug\mt.write.1.tlog
C:\msysgit\msysgit\git\Goluah-\devkit100\goluah\stagedll_yuki\Debug\rc.command.1.tlog
C:\msysgit\msysgit\git\Goluah-\devkit100\goluah\stagedll_yuki\Debug\rc.read.1.tlog
C:\msysgit\msysgit\git\Goluah-\devkit100\goluah\stagedll_yuki\Debug\rc.write.1.tlog
C:\MSYSGIT\MSYSGIT\GIT\GOLUAH-\DEVKIT100\GOLUAH\STAGEDLL_YUKI\DEBUG\STAGE.OBJ
C:\MSYSGIT\MSYSGIT\GIT\GOLUAH-\DEVKIT100\GOLUAH\STAGEDLL_YUKI\DEBUG\STAGEDLL_YUKI.DLL.EMBED.MANIFEST
C:\MSYSGIT\MSYSGIT\GIT\GOLUAH-\DEVKIT100\GOLUAH\STAGEDLL_YUKI\DEBUG\STAGEDLL_YUKI.DLL.EMBED.MANIFEST.RES
C:\MSYSGIT\MSYSGIT\GIT\GOLUAH-\DEVKIT100\GOLUAH\STAGEDLL_YUKI\DEBUG\STAGEDLL_YUKI.DLL.INTERMEDIATE.MANIFEST
C:\msysgit\msysgit\git\Goluah-\devkit100\goluah\stagedll_yuki\Debug\stagedll_yuki.exp
C:\msysgit\msysgit\git\Goluah-\devkit100\goluah\stagedll_yuki\Debug\stagedll_yuki.lib
C:\MSYSGIT\MSYSGIT\GIT\GOLUAH-\DEVKIT100\GOLUAH\STAGEDLL_YUKI\DEBUG\STAGEDLL_YUKI.PDB
C:\msysgit\msysgit\git\Goluah-\devkit100\goluah\stagedll_yuki\Debug\stagedll_yuki.write.1.tlog
C:\msysgit\msysgit\git\Goluah-\devkit100\goluah\stagedll_yuki\Debug\stagedll_yuki_manifest.rc
C:\msysgit\msysgit\git\Goluah-\devkit100\goluah\stagedll_yuki\Debug\vc100.idb
C:\MSYSGIT\MSYSGIT\GIT\GOLUAH-\DEVKIT100\GOLUAH\STAGEDLL_YUKI\DEBUG\VC100.PDB
Debug\stagedll_yuki.pdb
