C:\MSYSGIT\MSYSGIT\GIT\GOLUAH-\DEVKIT100\GOLUAH\EXECENV\STAGE\3D\DATOCEAN\STAGE.DLL
C:\MSYSGIT\MSYSGIT\GIT\GOLUAH-\DEVKIT100\GOLUAH\EXECENV\STAGE\3D\DATOCEAN\STAGE.ILK
C:\MSYSGIT\MSYSGIT\GIT\GOLUAH-\DEVKIT100\GOLUAH\STAGEDLL_DATOCEAN\DEBUG\AKI3D.OBJ
C:\MSYSGIT\MSYSGIT\GIT\GOLUAH-\DEVKIT100\GOLUAH\STAGEDLL_DATOCEAN\DEBUG\AKI3D_INTERNAL.OBJ
C:\msysgit\msysgit\git\Goluah-\devkit100\goluah\stagedll_datocean\Debug\cl.command.1.tlog
C:\msysgit\msysgit\git\Goluah-\devkit100\goluah\stagedll_datocean\Debug\CL.read.1.tlog
C:\msysgit\msysgit\git\Goluah-\devkit100\goluah\stagedll_datocean\Debug\CL.write.1.tlog
C:\MSYSGIT\MSYSGIT\GIT\GOLUAH-\DEVKIT100\GOLUAH\STAGEDLL_DATOCEAN\DEBUG\FLOOR.OBJ
C:\msysgit\msysgit\git\Goluah-\devkit100\goluah\stagedll_datocean\Debug\link.568.read.1.tlog
C:\msysgit\msysgit\git\Goluah-\devkit100\goluah\stagedll_datocean\Debug\link.568.write.1.tlog
C:\msysgit\msysgit\git\Goluah-\devkit100\goluah\stagedll_datocean\Debug\link.568-cvtres.read.1.tlog
C:\msysgit\msysgit\git\Goluah-\devkit100\goluah\stagedll_datocean\Debug\link.568-cvtres.write.1.tlog
C:\msysgit\msysgit\git\Goluah-\devkit100\goluah\stagedll_datocean\Debug\link.command.1.tlog
C:\msysgit\msysgit\git\Goluah-\devkit100\goluah\stagedll_datocean\Debug\link.read.1.tlog
C:\msysgit\msysgit\git\Goluah-\devkit100\goluah\stagedll_datocean\Debug\link.write.1.tlog
C:\msysgit\msysgit\git\Goluah-\devkit100\goluah\stagedll_datocean\Debug\link-cvtres.read.1.tlog
C:\msysgit\msysgit\git\Goluah-\devkit100\goluah\stagedll_datocean\Debug\link-cvtres.write.1.tlog
C:\MSYSGIT\MSYSGIT\GIT\GOLUAH-\DEVKIT100\GOLUAH\STAGEDLL_DATOCEAN\DEBUG\MAIN.OBJ
C:\msysgit\msysgit\git\Goluah-\devkit100\goluah\stagedll_datocean\Debug\mt.command.1.tlog
C:\msysgit\msysgit\git\Goluah-\devkit100\goluah\stagedll_datocean\Debug\mt.read.1.tlog
C:\msysgit\msysgit\git\Goluah-\devkit100\goluah\stagedll_datocean\Debug\mt.write.1.tlog
C:\msysgit\msysgit\git\Goluah-\devkit100\goluah\stagedll_datocean\Debug\rc.command.1.tlog
C:\msysgit\msysgit\git\Goluah-\devkit100\goluah\stagedll_datocean\Debug\rc.read.1.tlog
C:\msysgit\msysgit\git\Goluah-\devkit100\goluah\stagedll_datocean\Debug\rc.write.1.tlog
C:\MSYSGIT\MSYSGIT\GIT\GOLUAH-\DEVKIT100\GOLUAH\STAGEDLL_DATOCEAN\DEBUG\SKY.OBJ
C:\MSYSGIT\MSYSGIT\GIT\GOLUAH-\DEVKIT100\GOLUAH\STAGEDLL_DATOCEAN\DEBUG\SOUL.OBJ
C:\MSYSGIT\MSYSGIT\GIT\GOLUAH-\DEVKIT100\GOLUAH\STAGEDLL_DATOCEAN\DEBUG\SOUL_DOWN.OBJ
C:\MSYSGIT\MSYSGIT\GIT\GOLUAH-\DEVKIT100\GOLUAH\STAGEDLL_DATOCEAN\DEBUG\STAGE.OBJ
C:\MSYSGIT\MSYSGIT\GIT\GOLUAH-\DEVKIT100\GOLUAH\STAGEDLL_DATOCEAN\DEBUG\STAGEDLL_DATOCEAN.DLL.EMBED.MANIFEST
C:\MSYSGIT\MSYSGIT\GIT\GOLUAH-\DEVKIT100\GOLUAH\STAGEDLL_DATOCEAN\DEBUG\STAGEDLL_DATOCEAN.DLL.EMBED.MANIFEST.RES
C:\MSYSGIT\MSYSGIT\GIT\GOLUAH-\DEVKIT100\GOLUAH\STAGEDLL_DATOCEAN\DEBUG\STAGEDLL_DATOCEAN.DLL.INTERMEDIATE.MANIFEST
C:\msysgit\msysgit\git\Goluah-\devkit100\goluah\stagedll_datocean\Debug\stagedll_datocean.write.1.tlog
C:\msysgit\msysgit\git\Goluah-\devkit100\goluah\stagedll_datocean\Debug\stagedll_datocean_manifest.rc
C:\msysgit\msysgit\git\Goluah-\devkit100\goluah\stagedll_datocean\Debug\stagedll_datocian.exp
C:\msysgit\msysgit\git\Goluah-\devkit100\goluah\stagedll_datocean\Debug\stagedll_datocian.lib
C:\MSYSGIT\MSYSGIT\GIT\GOLUAH-\DEVKIT100\GOLUAH\STAGEDLL_DATOCEAN\DEBUG\STAGEDLL_DATOCIAN.PDB
C:\msysgit\msysgit\git\Goluah-\devkit100\goluah\stagedll_datocean\Debug\vc100.idb
C:\MSYSGIT\MSYSGIT\GIT\GOLUAH-\DEVKIT100\GOLUAH\STAGEDLL_DATOCEAN\DEBUG\VC100.PDB
