C:\MSYSGIT\MSYSGIT\GIT\GOLUAH-\DEVKIT100\GOLUAH\EXECENV\STAGE\MAKING\MESHBACK\STAGE.DLL
C:\MSYSGIT\MSYSGIT\GIT\GOLUAH-\DEVKIT100\GOLUAH\EXECENV\STAGE\MAKING\MESHBACK\STAGE.ILK
C:\MSYSGIT\MSYSGIT\GIT\GOLUAH-\DEVKIT100\GOLUAH\MESHBACK\DEBUG\AKI3D.OBJ
C:\MSYSGIT\MSYSGIT\GIT\GOLUAH-\DEVKIT100\GOLUAH\MESHBACK\DEBUG\AKI3D_INTERNAL.OBJ
C:\msysgit\msysgit\git\Goluah-\devkit100\goluah\MeshBack\Debug\cl.command.1.tlog
C:\msysgit\msysgit\git\Goluah-\devkit100\goluah\MeshBack\Debug\CL.read.1.tlog
C:\msysgit\msysgit\git\Goluah-\devkit100\goluah\MeshBack\Debug\CL.write.1.tlog
C:\MSYSGIT\MSYSGIT\GIT\GOLUAH-\DEVKIT100\GOLUAH\MESHBACK\DEBUG\GOBJBASE.OBJ
C:\msysgit\msysgit\git\Goluah-\devkit100\goluah\MeshBack\Debug\link.5004.read.1.tlog
C:\msysgit\msysgit\git\Goluah-\devkit100\goluah\MeshBack\Debug\link.5004.write.1.tlog
C:\msysgit\msysgit\git\Goluah-\devkit100\goluah\MeshBack\Debug\link.5004-cvtres.read.1.tlog
C:\msysgit\msysgit\git\Goluah-\devkit100\goluah\MeshBack\Debug\link.5004-cvtres.write.1.tlog
C:\msysgit\msysgit\git\Goluah-\devkit100\goluah\MeshBack\Debug\link.command.1.tlog
C:\msysgit\msysgit\git\Goluah-\devkit100\goluah\MeshBack\Debug\link.read.1.tlog
C:\msysgit\msysgit\git\Goluah-\devkit100\goluah\MeshBack\Debug\link.write.1.tlog
C:\msysgit\msysgit\git\Goluah-\devkit100\goluah\MeshBack\Debug\link-cvtres.read.1.tlog
C:\msysgit\msysgit\git\Goluah-\devkit100\goluah\MeshBack\Debug\link-cvtres.write.1.tlog
C:\msysgit\msysgit\git\Goluah-\devkit100\goluah\MeshBack\Debug\MeshBack.dll
C:\MSYSGIT\MSYSGIT\GIT\GOLUAH-\DEVKIT100\GOLUAH\MESHBACK\DEBUG\MESHBACK.DLL.EMBED.MANIFEST
C:\MSYSGIT\MSYSGIT\GIT\GOLUAH-\DEVKIT100\GOLUAH\MESHBACK\DEBUG\MESHBACK.DLL.EMBED.MANIFEST.RES
C:\MSYSGIT\MSYSGIT\GIT\GOLUAH-\DEVKIT100\GOLUAH\MESHBACK\DEBUG\MESHBACK.DLL.INTERMEDIATE.MANIFEST
C:\msysgit\msysgit\git\Goluah-\devkit100\goluah\MeshBack\Debug\MeshBack.exp
C:\msysgit\msysgit\git\Goluah-\devkit100\goluah\MeshBack\Debug\MeshBack.lib
C:\MSYSGIT\MSYSGIT\GIT\GOLUAH-\DEVKIT100\GOLUAH\MESHBACK\DEBUG\MESHBACK.PDB
C:\msysgit\msysgit\git\Goluah-\devkit100\goluah\MeshBack\Debug\MeshBack.write.1.tlog
C:\msysgit\msysgit\git\Goluah-\devkit100\goluah\MeshBack\Debug\MeshBack_manifest.rc
C:\msysgit\msysgit\git\Goluah-\devkit100\goluah\MeshBack\Debug\mt.command.1.tlog
C:\msysgit\msysgit\git\Goluah-\devkit100\goluah\MeshBack\Debug\mt.read.1.tlog
C:\msysgit\msysgit\git\Goluah-\devkit100\goluah\MeshBack\Debug\mt.write.1.tlog
C:\msysgit\msysgit\git\Goluah-\devkit100\goluah\MeshBack\Debug\rc.command.1.tlog
C:\msysgit\msysgit\git\Goluah-\devkit100\goluah\MeshBack\Debug\rc.read.1.tlog
C:\msysgit\msysgit\git\Goluah-\devkit100\goluah\MeshBack\Debug\rc.write.1.tlog
C:\MSYSGIT\MSYSGIT\GIT\GOLUAH-\DEVKIT100\GOLUAH\MESHBACK\DEBUG\STAGE.OBJ
C:\msysgit\msysgit\git\Goluah-\devkit100\goluah\MeshBack\Debug\vc100.idb
C:\MSYSGIT\MSYSGIT\GIT\GOLUAH-\DEVKIT100\GOLUAH\MESHBACK\DEBUG\VC100.PDB
Debug\MeshBack.pdb
