C:\MSYSGIT\MSYSGIT\GIT\GOLUAH-\DEVKIT100\GOLUAH\EXECENV\STAGE\3D\ASA\STAGE.DLL
C:\MSYSGIT\MSYSGIT\GIT\GOLUAH-\DEVKIT100\GOLUAH\EXECENV\STAGE\3D\ASA\STAGE.ILK
C:\MSYSGIT\MSYSGIT\GIT\GOLUAH-\DEVKIT100\GOLUAH\STAGEDLL_ASA\DEBUG\AKI3D.OBJ
C:\MSYSGIT\MSYSGIT\GIT\GOLUAH-\DEVKIT100\GOLUAH\STAGEDLL_ASA\DEBUG\AKI3D_INTERNAL.OBJ
C:\msysgit\msysgit\git\Goluah-\devkit100\goluah\stagedll_asa\Debug\cl.command.1.tlog
C:\msysgit\msysgit\git\Goluah-\devkit100\goluah\stagedll_asa\Debug\CL.read.1.tlog
C:\msysgit\msysgit\git\Goluah-\devkit100\goluah\stagedll_asa\Debug\CL.write.1.tlog
C:\MSYSGIT\MSYSGIT\GIT\GOLUAH-\DEVKIT100\GOLUAH\STAGEDLL_ASA\DEBUG\GOBJBASE.OBJ
C:\MSYSGIT\MSYSGIT\GIT\GOLUAH-\DEVKIT100\GOLUAH\STAGEDLL_ASA\DEBUG\JISAKU.OBJ
C:\msysgit\msysgit\git\Goluah-\devkit100\goluah\stagedll_asa\Debug\link.528.read.1.tlog
C:\msysgit\msysgit\git\Goluah-\devkit100\goluah\stagedll_asa\Debug\link.528.write.1.tlog
C:\msysgit\msysgit\git\Goluah-\devkit100\goluah\stagedll_asa\Debug\link.528-cvtres.read.1.tlog
C:\msysgit\msysgit\git\Goluah-\devkit100\goluah\stagedll_asa\Debug\link.528-cvtres.write.1.tlog
C:\msysgit\msysgit\git\Goluah-\devkit100\goluah\stagedll_asa\Debug\link.command.1.tlog
C:\msysgit\msysgit\git\Goluah-\devkit100\goluah\stagedll_asa\Debug\link.read.1.tlog
C:\msysgit\msysgit\git\Goluah-\devkit100\goluah\stagedll_asa\Debug\link.write.1.tlog
C:\msysgit\msysgit\git\Goluah-\devkit100\goluah\stagedll_asa\Debug\link-cvtres.read.1.tlog
C:\msysgit\msysgit\git\Goluah-\devkit100\goluah\stagedll_asa\Debug\link-cvtres.write.1.tlog
C:\msysgit\msysgit\git\Goluah-\devkit100\goluah\stagedll_asa\Debug\mt.command.1.tlog
C:\msysgit\msysgit\git\Goluah-\devkit100\goluah\stagedll_asa\Debug\mt.read.1.tlog
C:\msysgit\msysgit\git\Goluah-\devkit100\goluah\stagedll_asa\Debug\mt.write.1.tlog
C:\msysgit\msysgit\git\Goluah-\devkit100\goluah\stagedll_asa\Debug\rc.command.1.tlog
C:\msysgit\msysgit\git\Goluah-\devkit100\goluah\stagedll_asa\Debug\rc.read.1.tlog
C:\msysgit\msysgit\git\Goluah-\devkit100\goluah\stagedll_asa\Debug\rc.write.1.tlog
C:\MSYSGIT\MSYSGIT\GIT\GOLUAH-\DEVKIT100\GOLUAH\STAGEDLL_ASA\DEBUG\STAGE.OBJ
C:\MSYSGIT\MSYSGIT\GIT\GOLUAH-\DEVKIT100\GOLUAH\STAGEDLL_ASA\DEBUG\STAGEDLL_ASA.DLL.EMBED.MANIFEST
C:\MSYSGIT\MSYSGIT\GIT\GOLUAH-\DEVKIT100\GOLUAH\STAGEDLL_ASA\DEBUG\STAGEDLL_ASA.DLL.EMBED.MANIFEST.RES
C:\MSYSGIT\MSYSGIT\GIT\GOLUAH-\DEVKIT100\GOLUAH\STAGEDLL_ASA\DEBUG\STAGEDLL_ASA.DLL.INTERMEDIATE.MANIFEST
C:\msysgit\msysgit\git\Goluah-\devkit100\goluah\stagedll_asa\Debug\stagedll_asa.exp
C:\msysgit\msysgit\git\Goluah-\devkit100\goluah\stagedll_asa\Debug\stagedll_asa.lib
C:\MSYSGIT\MSYSGIT\GIT\GOLUAH-\DEVKIT100\GOLUAH\STAGEDLL_ASA\DEBUG\STAGEDLL_ASA.PDB
C:\msysgit\msysgit\git\Goluah-\devkit100\goluah\stagedll_asa\Debug\stagedll_asa.write.1.tlog
C:\msysgit\msysgit\git\Goluah-\devkit100\goluah\stagedll_asa\Debug\stagedll_asa_manifest.rc
C:\msysgit\msysgit\git\Goluah-\devkit100\goluah\stagedll_asa\Debug\vc100.idb
C:\MSYSGIT\MSYSGIT\GIT\GOLUAH-\DEVKIT100\GOLUAH\STAGEDLL_ASA\DEBUG\VC100.PDB
Debug\stagedll_asa.pdb
