C:\MSYSGIT\MSYSGIT\GIT\GOLUAH-\DEVKIT100\GOLUAH\CHARDLL_GIKO\DEBUG\ACTION_ATTACK.OBJ
C:\MSYSGIT\MSYSGIT\GIT\GOLUAH-\DEVKIT100\GOLUAH\CHARDLL_GIKO\DEBUG\ACTION_HISSATU.OBJ
C:\MSYSGIT\MSYSGIT\GIT\GOLUAH-\DEVKIT100\GOLUAH\CHARDLL_GIKO\DEBUG\ACTION_NORMAL.OBJ
C:\MSYSGIT\MSYSGIT\GIT\GOLUAH-\DEVKIT100\GOLUAH\CHARDLL_GIKO\DEBUG\AKI3D.OBJ
C:\MSYSGIT\MSYSGIT\GIT\GOLUAH-\DEVKIT100\GOLUAH\CHARDLL_GIKO\DEBUG\AKI3D_INTERNAL.OBJ
C:\MSYSGIT\MSYSGIT\GIT\GOLUAH-\DEVKIT100\GOLUAH\CHARDLL_GIKO\DEBUG\BULLETS.OBJ
C:\MSYSGIT\MSYSGIT\GIT\GOLUAH-\DEVKIT100\GOLUAH\CHARDLL_GIKO\DEBUG\CHARACTER.OBJ
C:\MSYSGIT\MSYSGIT\GIT\GOLUAH-\DEVKIT100\GOLUAH\CHARDLL_GIKO\DEBUG\CHARDLL_GIKO.DLL.EMBED.MANIFEST
C:\MSYSGIT\MSYSGIT\GIT\GOLUAH-\DEVKIT100\GOLUAH\CHARDLL_GIKO\DEBUG\CHARDLL_GIKO.DLL.EMBED.MANIFEST.RES
C:\MSYSGIT\MSYSGIT\GIT\GOLUAH-\DEVKIT100\GOLUAH\CHARDLL_GIKO\DEBUG\CHARDLL_GIKO.DLL.INTERMEDIATE.MANIFEST
C:\msysgit\msysgit\git\Goluah-\devkit100\goluah\chardll_giko\Debug\chardll_giko.exp
C:\msysgit\msysgit\git\Goluah-\devkit100\goluah\chardll_giko\Debug\chardll_giko.lib
C:\MSYSGIT\MSYSGIT\GIT\GOLUAH-\DEVKIT100\GOLUAH\CHARDLL_GIKO\DEBUG\CHARDLL_GIKO.PDB
C:\msysgit\msysgit\git\Goluah-\devkit100\goluah\chardll_giko\Debug\chardll_giko.write.1.tlog
C:\msysgit\msysgit\git\Goluah-\devkit100\goluah\chardll_giko\Debug\chardll_giko_manifest.rc
C:\msysgit\msysgit\git\Goluah-\devkit100\goluah\chardll_giko\Debug\cl.command.1.tlog
C:\msysgit\msysgit\git\Goluah-\devkit100\goluah\chardll_giko\Debug\CL.read.1.tlog
C:\msysgit\msysgit\git\Goluah-\devkit100\goluah\chardll_giko\Debug\CL.write.1.tlog
C:\MSYSGIT\MSYSGIT\GIT\GOLUAH-\DEVKIT100\GOLUAH\CHARDLL_GIKO\DEBUG\GOBJBASE.OBJ
C:\msysgit\msysgit\git\Goluah-\devkit100\goluah\chardll_giko\Debug\link.3356.read.1.tlog
C:\msysgit\msysgit\git\Goluah-\devkit100\goluah\chardll_giko\Debug\link.3356.write.1.tlog
C:\msysgit\msysgit\git\Goluah-\devkit100\goluah\chardll_giko\Debug\link.3356-cvtres.read.1.tlog
C:\msysgit\msysgit\git\Goluah-\devkit100\goluah\chardll_giko\Debug\link.3356-cvtres.write.1.tlog
C:\msysgit\msysgit\git\Goluah-\devkit100\goluah\chardll_giko\Debug\link.command.1.tlog
C:\msysgit\msysgit\git\Goluah-\devkit100\goluah\chardll_giko\Debug\link.read.1.tlog
C:\msysgit\msysgit\git\Goluah-\devkit100\goluah\chardll_giko\Debug\link.write.1.tlog
C:\msysgit\msysgit\git\Goluah-\devkit100\goluah\chardll_giko\Debug\link-cvtres.read.1.tlog
C:\msysgit\msysgit\git\Goluah-\devkit100\goluah\chardll_giko\Debug\link-cvtres.write.1.tlog
C:\msysgit\msysgit\git\Goluah-\devkit100\goluah\chardll_giko\Debug\mt.command.1.tlog
C:\msysgit\msysgit\git\Goluah-\devkit100\goluah\chardll_giko\Debug\mt.read.1.tlog
C:\msysgit\msysgit\git\Goluah-\devkit100\goluah\chardll_giko\Debug\mt.write.1.tlog
C:\msysgit\msysgit\git\Goluah-\devkit100\goluah\chardll_giko\Debug\rc.command.1.tlog
C:\msysgit\msysgit\git\Goluah-\devkit100\goluah\chardll_giko\Debug\rc.read.1.tlog
C:\msysgit\msysgit\git\Goluah-\devkit100\goluah\chardll_giko\Debug\rc.write.1.tlog
C:\msysgit\msysgit\git\Goluah-\devkit100\goluah\chardll_giko\Debug\vc100.idb
C:\MSYSGIT\MSYSGIT\GIT\GOLUAH-\DEVKIT100\GOLUAH\CHARDLL_GIKO\DEBUG\VC100.PDB
C:\MSYSGIT\MSYSGIT\GIT\GOLUAH-\DEVKIT100\GOLUAH\EXECENV\CHAR\STD\GIKO\ACTION.DLL
C:\MSYSGIT\MSYSGIT\GIT\GOLUAH-\DEVKIT100\GOLUAH\EXECENV\CHAR\STD\GIKO\ACTION.ILK
Debug\chardll_giko.pdb
