2011/04/12 16:25:31 にビルドを開始しました。
     1>ノード 5 上のプロジェクト "C:\msysgit\msysgit\git\Goluah-\devkit100\goluah\chardll_giko\chardll_giko.vcxproj" (build ターゲット)。
     1>InitializeBuildStatus:
         "AlwaysCreate" が指定されたため "Debug\chardll_giko.unsuccessfulbuild" を作成しています。
       _MASM:
         Assembling [Inputs]...
       ClCompile:
         すべての出力が最新のものです。
       ManifestResourceCompile:
         すべての出力が最新のものです。
     1>C:\Program Files (x86)\MSBuild\Microsoft.Cpp\v4.0\Microsoft.CppBuild.targets(990,5): warning MSB8012: TargetPath(C:\msysgit\msysgit\git\Goluah-\devkit100\goluah\chardll_giko\Debug\chardll_giko.dll) が Linker の OutputFile プロパティ値 (C:\msysgit\msysgit\git\Goluah-\devkit100\goluah\execenv\char\std\giko\action.dll) と一致しません。このため、プロジェクトが正常にビルドされない可能性があります。この問題を解決するには、$(OutDir)、$(TargetName)、および $(TargetExt) の各プロパティ値が、%(Link.OutputFile) で指定されている値と一致することを確認してください。
     1>C:\Program Files (x86)\MSBuild\Microsoft.Cpp\v4.0\Microsoft.CppBuild.targets(992,5): warning MSB8012: TargetName(chardll_giko) が Linker の OutputFile プロパティ値 (action) と一致しません。このため、プロジェクトが正常にビルドされない可能性があります。この問題を解決するには、$(OutDir)、$(TargetName)、および $(TargetExt) の各プロパティ値が、%(Link.OutputFile) で指定されている値と一致することを確認してください。
       Link:
         C:\Program Files (x86)\Microsoft Visual Studio 10.0\VC\bin\link.exe /ERRORREPORT:PROMPT /OUT:"C:\msysgit\msysgit\git\Goluah-\devkit100\goluah\/execenv/char/std/giko/action.dll" /INCREMENTAL /NOLOGO /LIBPATH:"C:\msysgit\msysgit\git\Goluah-\devkit100\goluah\/lib/" winmm.lib d3dx8.lib kernel32.lib user32.lib gdi32.lib winspool.lib comdlg32.lib advapi32.lib shell32.lib ole32.lib oleaut32.lib uuid.lib odbc32.lib odbccp32.lib /DEF:"C:\msysgit\msysgit\git\Goluah-\devkit100\goluah\/common/character_vc.def" /MANIFEST /ManifestFile:"Debug\chardll_giko.dll.intermediate.manifest" /MANIFESTUAC:"level='asInvoker' uiAccess='false'" /DEBUG /PDB:"Debug\chardll_giko.pdb" /SUBSYSTEM:WINDOWS /TLBID:1 /DYNAMICBASE /NXCOMPAT /IMPLIB:"Debug\chardll_giko.lib" /MACHINE:X86 /DLL Debug\chardll_giko.dll.embed.manifest.res
         Debug\action_attack.obj
         Debug\action_hissatu.obj
         Debug\action_normal.obj
         Debug\bullets.obj
         Debug\character.obj
         Debug\aki3d.obj
         Debug\aki3d_internal.obj
         Debug\gobjbase.obj /nodefaultlib:libci 
            ライブラリ Debug\chardll_giko.lib とオブジェクト Debug\chardll_giko.exp を作成中
       Manifest:
         C:\Program Files (x86)\Microsoft SDKs\Windows\v7.0A\bin\mt.exe /nologo /verbose /out:"Debug\chardll_giko.dll.embed.manifest" /manifest Debug\chardll_giko.dll.intermediate.manifest
         すべての出力が最新のものです。
       LinkEmbedManifest:
         すべての出力が最新のものです。
         chardll_giko.vcxproj -> C:\msysgit\msysgit\git\Goluah-\devkit100\goluah\chardll_giko\Debug\chardll_giko.dll
       FinalizeBuildStatus:
         ファイル "Debug\chardll_giko.unsuccessfulbuild" を削除しています。
         "Debug\chardll_giko.lastbuildstate" のタッチ タスクを実行しています。
     1>プロジェクト "C:\msysgit\msysgit\git\Goluah-\devkit100\goluah\chardll_giko\chardll_giko.vcxproj" (build ターゲット) のビルドが完了しました。

ビルドに成功しました。

経過時間 00:00:09.28
