2011/04/12 13:51:09 にビルドを開始しました。
     1>ノード 3 上のプロジェクト "C:\msysgit\msysgit\git\Goluah-\devkit100\goluah\chardll_8mona\chardll_8mona.vcxproj" (build ターゲット)。
     1>InitializeBuildStatus:
         "AlwaysCreate" が指定されたため "Debug\chardll_8mona.unsuccessfulbuild" を作成しています。
       _MASM:
         Assembling [Inputs]...
       ClCompile:
         C:\Program Files (x86)\Microsoft Visual Studio 10.0\VC\bin\CL.exe /c /I"C:\msysgit\msysgit\git\Goluah-\devkit100\goluah\/common" /ZI /nologo /W3 /WX- /Od /Oy- /D WIN32 /D _DEBUG /D _WINDOWS /D _USRDLL /D CHARDLL_8MONA_EXPORTS /D USE_GOLUAH_COMMON_DLL /D _VC80_UPGRADE=0x0710 /D _WINDLL /D _MBCS /Gm /EHsc /RTC1 /MTd /GS /fp:fast /Zc:wchar_t /Zc:forScope /Fo"Debug\\" /Fd"Debug\vc100.pdb" /Gd /TP /analyze- /errorReport:prompt action_attack.cpp action_hissatu.cpp action_normal.cpp bullets.cpp character.cpp ..\common\gobjbase.cpp
         gobjbase.cpp
         character.cpp
         bullets.cpp
         action_normal.cpp
         action_hissatu.cpp
         action_attack.cpp
         コードを生成中...
       ManifestResourceCompile:
         C:\Program Files (x86)\Microsoft SDKs\Windows\v7.0A\bin\rc.exe /nologo /fo"Debug\chardll_8mona.dll.embed.manifest.res" Debug\chardll_8mona_manifest.rc 
     1>C:\Program Files (x86)\MSBuild\Microsoft.Cpp\v4.0\Microsoft.CppBuild.targets(990,5): warning MSB8012: TargetPath(C:\msysgit\msysgit\git\Goluah-\devkit100\goluah\chardll_8mona\Debug\chardll_8mona.dll) が Linker の OutputFile プロパティ値 (C:\msysgit\msysgit\git\Goluah-\devkit100\goluah\execenv\char\std\8mona\action.dll) と一致しません。このため、プロジェクトが正常にビルドされない可能性があります。この問題を解決するには、$(OutDir)、$(TargetName)、および $(TargetExt) の各プロパティ値が、%(Link.OutputFile) で指定されている値と一致することを確認してください。
     1>C:\Program Files (x86)\MSBuild\Microsoft.Cpp\v4.0\Microsoft.CppBuild.targets(992,5): warning MSB8012: TargetName(chardll_8mona) が Linker の OutputFile プロパティ値 (action) と一致しません。このため、プロジェクトが正常にビルドされない可能性があります。この問題を解決するには、$(OutDir)、$(TargetName)、および $(TargetExt) の各プロパティ値が、%(Link.OutputFile) で指定されている値と一致することを確認してください。
       Link:
         C:\Program Files (x86)\Microsoft Visual Studio 10.0\VC\bin\link.exe /ERRORREPORT:PROMPT /OUT:"C:\msysgit\msysgit\git\Goluah-\devkit100\goluah\/execenv/char/std/8mona/action.dll" /INCREMENTAL /NOLOGO /LIBPATH:"C:\msysgit\msysgit\git\Goluah-\devkit100\goluah\/lib/" winmm.lib kernel32.lib user32.lib gdi32.lib winspool.lib comdlg32.lib advapi32.lib shell32.lib ole32.lib oleaut32.lib uuid.lib odbc32.lib odbccp32.lib /DEF:"C:\msysgit\msysgit\git\Goluah-\devkit100\goluah\/common/character_vc.def" /MANIFEST /ManifestFile:"Debug\chardll_8mona.dll.intermediate.manifest" /MANIFESTUAC:"level='asInvoker' uiAccess='false'" /DEBUG /PDB:"Debug\chardll_8mona.pdb" /SUBSYSTEM:WINDOWS /TLBID:1 /DYNAMICBASE /NXCOMPAT /IMPLIB:"Debug\chardll_8mona.lib" /MACHINE:X86 /DLL Debug\chardll_8mona.dll.embed.manifest.res
         Debug\action_attack.obj
         Debug\action_hissatu.obj
         Debug\action_normal.obj
         Debug\bullets.obj
         Debug\character.obj
         Debug\gobjbase.obj /nodefaultlib:libci 
            ライブラリ Debug\chardll_8mona.lib とオブジェクト Debug\chardll_8mona.exp を作成中
       Manifest:
         C:\Program Files (x86)\Microsoft SDKs\Windows\v7.0A\bin\mt.exe /nologo /verbose /out:"Debug\chardll_8mona.dll.embed.manifest" /manifest Debug\chardll_8mona.dll.intermediate.manifest
         C:\Program Files (x86)\Microsoft SDKs\Windows\v7.0A\bin\rc.exe /nologo /fo"Debug\chardll_8mona.dll.embed.manifest.res" Debug\chardll_8mona_manifest.rc 
       LinkEmbedManifest:
         C:\Program Files (x86)\Microsoft Visual Studio 10.0\VC\bin\link.exe /ERRORREPORT:PROMPT /OUT:"C:\msysgit\msysgit\git\Goluah-\devkit100\goluah\/execenv/char/std/8mona/action.dll" /INCREMENTAL /NOLOGO /LIBPATH:"C:\msysgit\msysgit\git\Goluah-\devkit100\goluah\/lib/" winmm.lib kernel32.lib user32.lib gdi32.lib winspool.lib comdlg32.lib advapi32.lib shell32.lib ole32.lib oleaut32.lib uuid.lib odbc32.lib odbccp32.lib /DEF:"C:\msysgit\msysgit\git\Goluah-\devkit100\goluah\/common/character_vc.def" /MANIFEST /ManifestFile:"Debug\chardll_8mona.dll.intermediate.manifest" /MANIFESTUAC:"level='asInvoker' uiAccess='false'" /DEBUG /PDB:"Debug\chardll_8mona.pdb" /SUBSYSTEM:WINDOWS /TLBID:1 /DYNAMICBASE /NXCOMPAT /IMPLIB:"Debug\chardll_8mona.lib" /MACHINE:X86 /DLL Debug\chardll_8mona.dll.embed.manifest.res
         Debug\action_attack.obj
         Debug\action_hissatu.obj
         Debug\action_normal.obj
         Debug\bullets.obj
         Debug\character.obj
         Debug\gobjbase.obj /nodefaultlib:libci 
            ライブラリ Debug\chardll_8mona.lib とオブジェクト Debug\chardll_8mona.exp を作成中
         chardll_8mona.vcxproj -> C:\msysgit\msysgit\git\Goluah-\devkit100\goluah\chardll_8mona\Debug\chardll_8mona.dll
       FinalizeBuildStatus:
         ファイル "Debug\chardll_8mona.unsuccessfulbuild" を削除しています。
         "Debug\chardll_8mona.lastbuildstate" のタッチ タスクを実行しています。
     1>プロジェクト "C:\msysgit\msysgit\git\Goluah-\devkit100\goluah\chardll_8mona\chardll_8mona.vcxproj" (build ターゲット) のビルドが完了しました。

ビルドに成功しました。

経過時間 00:00:15.83
