2012/06/16 13:50:34 にビルドを開始しました。
     1>ノード 4 上のプロジェクト "C:\msysgit\msysgit\git\Goluah-\devkit100\goluah\chardll_c\chardll_c.vcxproj" (build ターゲット)。
     1>InitializeBuildStatus:
         "AlwaysCreate" が指定されたため "Debug\chardll_c.unsuccessfulbuild" を作成しています。
       ClCompile:
         c:\Program Files (x86)\Microsoft Visual Studio 10.0\VC\bin\CL.exe /c /I"C:\msysgit\msysgit\git\Goluah-\devkit100\goluah\\common" /ZI /nologo /W3 /WX- /Od /Oy- /D WIN32 /D _DEBUG /D _WINDOWS /D _USRDLL /D CHARDLL_C_EXPORTS /D USE_DIRECT3D_DIRECT /D USE_GOLUAH_COMMON_DLL /D _VC80_UPGRADE=0x0710 /D _WINDLL /D _MBCS /Gm /EHsc /RTC1 /MTd /GS /fp:fast /Zc:wchar_t /Zc:forScope /Fo"Debug\\" /Fd"Debug\vc100.pdb" /Gd /TP /analyze- /errorReport:prompt action_attack.cpp action_hissatu.cpp action_normal.cpp bullets.cpp character.cpp ..\common\aki3d.cpp ..\common\aki3d_internal.cpp ..\common\gobjbase.cpp
         gobjbase.cpp
         aki3d_internal.cpp
     1>c:\msysgit\msysgit\git\goluah-\devkit100\goluah\common\aki3d_internal.cpp(33): warning C4996: 'sprintf': This function or variable may be unsafe. Consider using sprintf_s instead. To disable deprecation, use _CRT_SECURE_NO_WARNINGS. See online help for details.
                 c:\program files (x86)\microsoft visual studio 10.0\vc\include\stdio.h(371) : 'sprintf' の宣言を確認してください。
     1>c:\msysgit\msysgit\git\goluah-\devkit100\goluah\common\aki3d_internal.cpp(35): warning C4996: 'strcpy': This function or variable may be unsafe. Consider using strcpy_s instead. To disable deprecation, use _CRT_SECURE_NO_WARNINGS. See online help for details.
                 c:\program files (x86)\microsoft visual studio 10.0\vc\include\string.h(105) : 'strcpy' の宣言を確認してください。
     1>c:\msysgit\msysgit\git\goluah-\devkit100\goluah\common\aki3d_internal.cpp(52): warning C4996: 'strcpy': This function or variable may be unsafe. Consider using strcpy_s instead. To disable deprecation, use _CRT_SECURE_NO_WARNINGS. See online help for details.
                 c:\program files (x86)\microsoft visual studio 10.0\vc\include\string.h(105) : 'strcpy' の宣言を確認してください。
     1>c:\msysgit\msysgit\git\goluah-\devkit100\goluah\common\aki3d_internal.cpp(109): warning C4996: 'strcpy': This function or variable may be unsafe. Consider using strcpy_s instead. To disable deprecation, use _CRT_SECURE_NO_WARNINGS. See online help for details.
                 c:\program files (x86)\microsoft visual studio 10.0\vc\include\string.h(105) : 'strcpy' の宣言を確認してください。
         aki3d.cpp
     1>c:\msysgit\msysgit\git\goluah-\devkit100\goluah\common\aki3d.cpp(329): warning C4996: 'vsprintf': This function or variable may be unsafe. Consider using vsprintf_s instead. To disable deprecation, use _CRT_SECURE_NO_WARNINGS. See online help for details.
                 c:\program files (x86)\microsoft visual studio 10.0\vc\include\stdio.h(371) : 'vsprintf' の宣言を確認してください。
         character.cpp
         bullets.cpp
         action_normal.cpp
         action_hissatu.cpp
         action_attack.cpp
