C:\MSYSGIT\MSYSGIT\GIT\GOLUAH-\DEVKIT100\GOLUAH\CHARDLL_C\DEBUG\ACTION_ATTACK.OBJ
C:\MSYSGIT\MSYSGIT\GIT\GOLUAH-\DEVKIT100\GOLUAH\CHARDLL_C\DEBUG\ACTION_HISSATU.OBJ
C:\MSYSGIT\MSYSGIT\GIT\GOLUAH-\DEVKIT100\GOLUAH\CHARDLL_C\DEBUG\ACTION_NORMAL.OBJ
C:\MSYSGIT\MSYSGIT\GIT\GOLUAH-\DEVKIT100\GOLUAH\CHARDLL_C\DEBUG\AKI3D.OBJ
C:\MSYSGIT\MSYSGIT\GIT\GOLUAH-\DEVKIT100\GOLUAH\CHARDLL_C\DEBUG\AKI3D_INTERNAL.OBJ
C:\MSYSGIT\MSYSGIT\GIT\GOLUAH-\DEVKIT100\GOLUAH\CHARDLL_C\DEBUG\BULLETS.OBJ
C:\MSYSGIT\MSYSGIT\GIT\GOLUAH-\DEVKIT100\GOLUAH\CHARDLL_C\DEBUG\CHARACTER.OBJ
C:\MSYSGIT\MSYSGIT\GIT\GOLUAH-\DEVKIT100\GOLUAH\CHARDLL_C\DEBUG\CHARDLL_C.DLL.EMBED.MANIFEST
C:\MSYSGIT\MSYSGIT\GIT\GOLUAH-\DEVKIT100\GOLUAH\CHARDLL_C\DEBUG\CHARDLL_C.DLL.EMBED.MANIFEST.RES
C:\MSYSGIT\MSYSGIT\GIT\GOLUAH-\DEVKIT100\GOLUAH\CHARDLL_C\DEBUG\CHARDLL_C.DLL.INTERMEDIATE.MANIFEST
C:\msysgit\msysgit\git\Goluah-\devkit100\goluah\chardll_c\Debug\chardll_c.exp
C:\msysgit\msysgit\git\Goluah-\devkit100\goluah\chardll_c\Debug\chardll_c.lib
C:\MSYSGIT\MSYSGIT\GIT\GOLUAH-\DEVKIT100\GOLUAH\CHARDLL_C\DEBUG\CHARDLL_C.PDB
C:\msysgit\msysgit\git\Goluah-\devkit100\goluah\chardll_c\Debug\chardll_c.write.1.tlog
C:\msysgit\msysgit\git\Goluah-\devkit100\goluah\chardll_c\Debug\chardll_c_manifest.rc
C:\msysgit\msysgit\git\Goluah-\devkit100\goluah\chardll_c\Debug\cl.command.1.tlog
C:\msysgit\msysgit\git\Goluah-\devkit100\goluah\chardll_c\Debug\CL.read.1.tlog
C:\msysgit\msysgit\git\Goluah-\devkit100\goluah\chardll_c\Debug\CL.write.1.tlog
C:\MSYSGIT\MSYSGIT\GIT\GOLUAH-\DEVKIT100\GOLUAH\CHARDLL_C\DEBUG\GOBJBASE.OBJ
C:\msysgit\msysgit\git\Goluah-\devkit100\goluah\chardll_c\Debug\link.8068.read.1.tlog
C:\msysgit\msysgit\git\Goluah-\devkit100\goluah\chardll_c\Debug\link.8068.write.1.tlog
C:\msysgit\msysgit\git\Goluah-\devkit100\goluah\chardll_c\Debug\link.8068-cvtres.read.1.tlog
C:\msysgit\msysgit\git\Goluah-\devkit100\goluah\chardll_c\Debug\link.8068-cvtres.write.1.tlog
C:\msysgit\msysgit\git\Goluah-\devkit100\goluah\chardll_c\Debug\link.command.1.tlog
C:\msysgit\msysgit\git\Goluah-\devkit100\goluah\chardll_c\Debug\link.read.1.tlog
C:\msysgit\msysgit\git\Goluah-\devkit100\goluah\chardll_c\Debug\link.write.1.tlog
C:\msysgit\msysgit\git\Goluah-\devkit100\goluah\chardll_c\Debug\link-cvtres.read.1.tlog
C:\msysgit\msysgit\git\Goluah-\devkit100\goluah\chardll_c\Debug\link-cvtres.write.1.tlog
C:\msysgit\msysgit\git\Goluah-\devkit100\goluah\chardll_c\Debug\mt.command.1.tlog
C:\msysgit\msysgit\git\Goluah-\devkit100\goluah\chardll_c\Debug\mt.read.1.tlog
C:\msysgit\msysgit\git\Goluah-\devkit100\goluah\chardll_c\Debug\mt.write.1.tlog
C:\msysgit\msysgit\git\Goluah-\devkit100\goluah\chardll_c\Debug\rc.command.1.tlog
C:\msysgit\msysgit\git\Goluah-\devkit100\goluah\chardll_c\Debug\rc.read.1.tlog
C:\msysgit\msysgit\git\Goluah-\devkit100\goluah\chardll_c\Debug\rc.write.1.tlog
C:\msysgit\msysgit\git\Goluah-\devkit100\goluah\chardll_c\Debug\vc100.idb
C:\MSYSGIT\MSYSGIT\GIT\GOLUAH-\DEVKIT100\GOLUAH\CHARDLL_C\DEBUG\VC100.PDB
C:\MSYSGIT\MSYSGIT\GIT\GOLUAH-\DEVKIT100\GOLUAH\EXECENV\CHAR\STD\C\ACTION.DLL
C:\MSYSGIT\MSYSGIT\GIT\GOLUAH-\DEVKIT100\GOLUAH\EXECENV\CHAR\STD\C\ACTION.ILK
Debug\chardll_c.pdb
