C:\msysgit\msysgit\git\Goluah-\devkit100\goluah\/execenv/\goluah_config.pdb
C:\MSYSGIT\MSYSGIT\GIT\GOLUAH-\DEVKIT100\GOLUAH\EXECENV\CONFIG_D.EXE
C:\MSYSGIT\MSYSGIT\GIT\GOLUAH-\DEVKIT100\GOLUAH\EXECENV\CONFIG_D.ILK
C:\MSYSGIT\MSYSGIT\GIT\GOLUAH-\DEVKIT100\GOLUAH\EXECENV\GOLUAH_CONFIG.PDB
C:\msysgit\msysgit\git\Goluah-\devkit100\goluah\goluah_config\Debug\cl.command.1.tlog
C:\msysgit\msysgit\git\Goluah-\devkit100\goluah\goluah_config\Debug\CL.read.1.tlog
C:\msysgit\msysgit\git\Goluah-\devkit100\goluah\goluah_config\Debug\CL.write.1.tlog
C:\MSYSGIT\MSYSGIT\GIT\GOLUAH-\DEVKIT100\GOLUAH\GOLUAH_CONFIG\DEBUG\CONFIG.OBJ
C:\MSYSGIT\MSYSGIT\GIT\GOLUAH-\DEVKIT100\GOLUAH\GOLUAH_CONFIG\DEBUG\DLGINPUTASSIGN.OBJ
C:\MSYSGIT\MSYSGIT\GIT\GOLUAH-\DEVKIT100\GOLUAH\GOLUAH_CONFIG\DEBUG\DLGKBKEYGET.OBJ
C:\MSYSGIT\MSYSGIT\GIT\GOLUAH-\DEVKIT100\GOLUAH\GOLUAH_CONFIG\DEBUG\DLGKEYCONFIG.OBJ
C:\MSYSGIT\MSYSGIT\GIT\GOLUAH-\DEVKIT100\GOLUAH\GOLUAH_CONFIG\DEBUG\DLGOTHER.OBJ
C:\MSYSGIT\MSYSGIT\GIT\GOLUAH-\DEVKIT100\GOLUAH\GOLUAH_CONFIG\DEBUG\DLGPADCONFIG.OBJ
C:\MSYSGIT\MSYSGIT\GIT\GOLUAH-\DEVKIT100\GOLUAH\GOLUAH_CONFIG\DEBUG\DLGPAGE1.OBJ
C:\MSYSGIT\MSYSGIT\GIT\GOLUAH-\DEVKIT100\GOLUAH\GOLUAH_CONFIG\DEBUG\DLGPAGE2.OBJ
C:\MSYSGIT\MSYSGIT\GIT\GOLUAH-\DEVKIT100\GOLUAH\GOLUAH_CONFIG\DEBUG\DLGPAGE3.OBJ
C:\MSYSGIT\MSYSGIT\GIT\GOLUAH-\DEVKIT100\GOLUAH\GOLUAH_CONFIG\DEBUG\GOLUAH_CONFIG.EXE.EMBED.MANIFEST
C:\MSYSGIT\MSYSGIT\GIT\GOLUAH-\DEVKIT100\GOLUAH\GOLUAH_CONFIG\DEBUG\GOLUAH_CONFIG.EXE.EMBED.MANIFEST.RES
C:\MSYSGIT\MSYSGIT\GIT\GOLUAH-\DEVKIT100\GOLUAH\GOLUAH_CONFIG\DEBUG\GOLUAH_CONFIG.EXE.INTERMEDIATE.MANIFEST
C:\MSYSGIT\MSYSGIT\GIT\GOLUAH-\DEVKIT100\GOLUAH\GOLUAH_CONFIG\DEBUG\GOLUAH_CONFIG.OBJ
C:\MSYSGIT\MSYSGIT\GIT\GOLUAH-\DEVKIT100\GOLUAH\GOLUAH_CONFIG\DEBUG\GOLUAH_CONFIG.PCH
C:\MSYSGIT\MSYSGIT\GIT\GOLUAH-\DEVKIT100\GOLUAH\GOLUAH_CONFIG\DEBUG\GOLUAH_CONFIG.RES
C:\msysgit\msysgit\git\Goluah-\devkit100\goluah\goluah_config\Debug\goluah_config_manifest.rc
C:\MSYSGIT\MSYSGIT\GIT\GOLUAH-\DEVKIT100\GOLUAH\GOLUAH_CONFIG\DEBUG\GOLUAH_CONFIGDLG.OBJ
C:\MSYSGIT\MSYSGIT\GIT\GOLUAH-\DEVKIT100\GOLUAH\GOLUAH_CONFIG\DEBUG\LIMCUT.OBJ
C:\msysgit\msysgit\git\Goluah-\devkit100\goluah\goluah_config\Debug\link.3272.read.1.tlog
C:\msysgit\msysgit\git\Goluah-\devkit100\goluah\goluah_config\Debug\link.3272.write.1.tlog
C:\msysgit\msysgit\git\Goluah-\devkit100\goluah\goluah_config\Debug\link.3272-cvtres.read.1.tlog
C:\msysgit\msysgit\git\Goluah-\devkit100\goluah\goluah_config\Debug\link.3272-cvtres.write.1.tlog
C:\msysgit\msysgit\git\Goluah-\devkit100\goluah\goluah_config\Debug\link.command.1.tlog
C:\msysgit\msysgit\git\Goluah-\devkit100\goluah\goluah_config\Debug\link.read.1.tlog
C:\msysgit\msysgit\git\Goluah-\devkit100\goluah\goluah_config\Debug\link.write.1.tlog
C:\msysgit\msysgit\git\Goluah-\devkit100\goluah\goluah_config\Debug\link-cvtres.read.1.tlog
C:\msysgit\msysgit\git\Goluah-\devkit100\goluah\goluah_config\Debug\link-cvtres.write.1.tlog
C:\msysgit\msysgit\git\Goluah-\devkit100\goluah\goluah_config\Debug\mt.command.1.tlog
C:\msysgit\msysgit\git\Goluah-\devkit100\goluah\goluah_config\Debug\mt.read.1.tlog
C:\msysgit\msysgit\git\Goluah-\devkit100\goluah\goluah_config\Debug\mt.write.1.tlog
C:\msysgit\msysgit\git\Goluah-\devkit100\goluah\goluah_config\Debug\rc.command.1.tlog
C:\msysgit\msysgit\git\Goluah-\devkit100\goluah\goluah_config\Debug\rc.read.1.tlog
C:\msysgit\msysgit\git\Goluah-\devkit100\goluah\goluah_config\Debug\rc.write.1.tlog
C:\MSYSGIT\MSYSGIT\GIT\GOLUAH-\DEVKIT100\GOLUAH\GOLUAH_CONFIG\DEBUG\STDAFX.OBJ
C:\msysgit\msysgit\git\Goluah-\devkit100\goluah\goluah_config\Debug\vc100.idb
C:\MSYSGIT\MSYSGIT\GIT\GOLUAH-\DEVKIT100\GOLUAH\GOLUAH_CONFIG\DEBUG\VC100.PDB
