2011/04/12 13:50:55 にビルドを開始しました。
     1>ノード 2 上のプロジェクト "C:\msysgit\msysgit\git\Goluah-\devkit100\goluah\goluah_config\goluah_config.vcxproj" (build ターゲット)。
     1>InitializeBuildStatus:
         "AlwaysCreate" が指定されたため "Debug\goluah_config.unsuccessfulbuild" を作成しています。
       _MASM:
         Assembling [Inputs]...
       ClCompile:
         C:\Program Files (x86)\Microsoft Visual Studio 10.0\VC\bin\CL.exe /c /I"C:\Program Files\Microsoft Visual Studio .NET 2003\Vc7\atlmfc\include" /I"C:\msysgit\msysgit\git\Goluah-\devkit100\goluah\/common/" /ZI /nologo /W3 /WX- /Od /Oy- /D WIN32 /D _WINDOWS /D _DEBUG /D _VC80_UPGRADE=0x0710 /D _MBCS /Gm /EHsc /RTC1 /MTd /GS /fp:precise /Zc:wchar_t /Zc:forScope /Yc"StdAfx.h" /Fp"Debug\goluah_config.pch" /Fo"Debug\\" /Fd"Debug\vc100.pdb" /Gd /TP /analyze- /errorReport:prompt stdafx.cpp
         stdafx.cpp
         C:\Program Files (x86)\Microsoft Visual Studio 10.0\VC\bin\CL.exe /c /I"C:\Program Files\Microsoft Visual Studio .NET 2003\Vc7\atlmfc\include" /I"C:\msysgit\msysgit\git\Goluah-\devkit100\goluah\/common/" /ZI /nologo /W3 /WX- /Od /Oy- /D WIN32 /D _WINDOWS /D _DEBUG /D _VC80_UPGRADE=0x0710 /D _MBCS /Gm /EHsc /RTC1 /MTd /GS /fp:precise /Zc:wchar_t /Zc:forScope /Yu"StdAfx.h" /Fp"Debug\goluah_config.pch" /Fo"Debug\\" /Fd"Debug\vc100.pdb" /Gd /TP /analyze- /errorReport:prompt DlgInputAssign.cpp DlgKBKeyGet.cpp DlgKeyConfig.cpp DlgOther.cpp DlgPadConfig.cpp DlgPage1.cpp DlgPage2.cpp DlgPage3.cpp goluah_config.cpp goluah_configDlg.cpp ..\common\limcut.cpp
         limcut.cpp
     1>c:\msysgit\msysgit\git\goluah-\devkit100\goluah\common\limcut.cpp(134): warning C4996: 'strcpy': This function or variable may be unsafe. Consider using strcpy_s instead. To disable deprecation, use _CRT_SECURE_NO_WARNINGS. See online help for details.
                 c:\program files (x86)\microsoft visual studio 10.0\vc\include\string.h(105) : 'strcpy' の宣言を確認してください。
         goluah_configDlg.cpp
         goluah_config.cpp
         DlgPage3.cpp
         DlgPage2.cpp
         DlgPage1.cpp
         DlgPadConfig.cpp
     1>c:\msysgit\msysgit\git\goluah-\devkit100\goluah\goluah_config\dlgpadconfig.cpp(72): warning C4996: 'sprintf': This function or variable may be unsafe. Consider using sprintf_s instead. To disable deprecation, use _CRT_SECURE_NO_WARNINGS. See online help for details.
                 c:\program files (x86)\microsoft visual studio 10.0\vc\include\stdio.h(371) : 'sprintf' の宣言を確認してください。
         DlgOther.cpp
         DlgKeyConfig.cpp
     1>c:\msysgit\msysgit\git\goluah-\devkit100\goluah\goluah_config\dlgkeyconfig.cpp(517): warning C4996: 'sprintf': This function or variable may be unsafe. Consider using sprintf_s instead. To disable deprecation, use _CRT_SECURE_NO_WARNINGS. See online help for details.
                 c:\program files (x86)\microsoft visual studio 10.0\vc\include\stdio.h(371) : 'sprintf' の宣言を確認してください。
     1>c:\msysgit\msysgit\git\goluah-\devkit100\goluah\goluah_config\dlgkeyconfig.cpp(527): warning C4996: 'strcpy': This function or variable may be unsafe. Consider using strcpy_s instead. To disable deprecation, use _CRT_SECURE_NO_WARNINGS. See online help for details.
                 c:\program files (x86)\microsoft visual studio 10.0\vc\include\string.h(105) : 'strcpy' の宣言を確認してください。
         DlgKBKeyGet.cpp
         DlgInputAssign.cpp
         コードを生成中...
         C:\Program Files (x86)\Microsoft Visual Studio 10.0\VC\bin\CL.exe /c /I"C:\Program Files\Microsoft Visual Studio .NET 2003\Vc7\atlmfc\include" /I"C:\msysgit\msysgit\git\Goluah-\devkit100\goluah\/common/" /ZI /nologo /W3 /WX- /Od /Oy- /D WIN32 /D _WINDOWS /D _DEBUG /D _VC80_UPGRADE=0x0710 /D _MBCS /Gm /EHsc /RTC1 /MTd /GS /fp:precise /Zc:wchar_t /Zc:forScope /Fo"Debug\\" /Fd"Debug\vc100.pdb" /Gd /TP /analyze- /errorReport:prompt ..\common\config.cpp
         config.cpp
     1>c:\msysgit\msysgit\git\goluah-\devkit100\goluah\common\config.cpp(209): warning C4996: 'strcpy': This function or variable may be unsafe. Consider using strcpy_s instead. To disable deprecation, use _CRT_SECURE_NO_WARNINGS. See online help for details.
                 c:\program files (x86)\microsoft visual studio 10.0\vc\include\string.h(105) : 'strcpy' の宣言を確認してください。
     1>c:\msysgit\msysgit\git\goluah-\devkit100\goluah\common\config.cpp(211): warning C4996: 'strcpy': This function or variable may be unsafe. Consider using strcpy_s instead. To disable deprecation, use _CRT_SECURE_NO_WARNINGS. See online help for details.
                 c:\program files (x86)\microsoft visual studio 10.0\vc\include\string.h(105) : 'strcpy' の宣言を確認してください。
     1>c:\msysgit\msysgit\git\goluah-\devkit100\goluah\common\config.cpp(249): warning C4996: 'strcpy': This function or variable may be unsafe. Consider using strcpy_s instead. To disable deprecation, use _CRT_SECURE_NO_WARNINGS. See online help for details.
                 c:\program files (x86)\microsoft visual studio 10.0\vc\include\string.h(105) : 'strcpy' の宣言を確認してください。
     1>c:\msysgit\msysgit\git\goluah-\devkit100\goluah\common\config.cpp(251): warning C4996: 'strcpy': This function or variable may be unsafe. Consider using strcpy_s instead. To disable deprecation, use _CRT_SECURE_NO_WARNINGS. See online help for details.
                 c:\program files (x86)\microsoft visual studio 10.0\vc\include\string.h(105) : 'strcpy' の宣言を確認してください。
     1>c:\msysgit\msysgit\git\goluah-\devkit100\goluah\common\config.cpp(323): warning C4996: 'strcpy': This function or variable may be unsafe. Consider using strcpy_s instead. To disable deprecation, use _CRT_SECURE_NO_WARNINGS. See online help for details.
                 c:\program files (x86)\microsoft visual studio 10.0\vc\include\string.h(105) : 'strcpy' の宣言を確認してください。
     1>c:\msysgit\msysgit\git\goluah-\devkit100\goluah\common\config.cpp(325): warning C4996: 'strcpy': This function or variable may be unsafe. Consider using strcpy_s instead. To disable deprecation, use _CRT_SECURE_NO_WARNINGS. See online help for details.
                 c:\program files (x86)\microsoft visual studio 10.0\vc\include\string.h(105) : 'strcpy' の宣言を確認してください。
     1>c:\msysgit\msysgit\git\goluah-\devkit100\goluah\common\config.cpp(363): warning C4996: 'strcpy': This function or variable may be unsafe. Consider using strcpy_s instead. To disable deprecation, use _CRT_SECURE_NO_WARNINGS. See online help for details.
                 c:\program files (x86)\microsoft visual studio 10.0\vc\include\string.h(105) : 'strcpy' の宣言を確認してください。
     1>c:\msysgit\msysgit\git\goluah-\devkit100\goluah\common\config.cpp(365): warning C4996: 'strcpy': This function or variable may be unsafe. Consider using strcpy_s instead. To disable deprecation, use _CRT_SECURE_NO_WARNINGS. See online help for details.
                 c:\program files (x86)\microsoft visual studio 10.0\vc\include\string.h(105) : 'strcpy' の宣言を確認してください。
       ResourceCompile:
         C:\Program Files (x86)\Microsoft SDKs\Windows\v7.0A\bin\rc.exe /D _DEBUG /D _VC80_UPGRADE=0x0710 /l"0x0409" /IDebug\ /I"C:\Program Files\Microsoft Visual Studio .NET 2003\Vc7\atlmfc\include" /IDebug\ /nologo /fo"Debug\goluah_config.res" goluah_config.rc 
     1>C:\Program Files (x86)\Microsoft Visual Studio 10.0\VC\atlmfc\include\afxres.h(32): warning RC4005: 'IDR_MANIFEST' : redefinition
         
       ManifestResourceCompile:
         C:\Program Files (x86)\Microsoft SDKs\Windows\v7.0A\bin\rc.exe /nologo /fo"Debug\goluah_config.exe.embed.manifest.res" Debug\goluah_config_manifest.rc 
     1>C:\Program Files (x86)\MSBuild\Microsoft.Cpp\v4.0\Microsoft.CppBuild.targets(990,5): warning MSB8012: TargetPath(C:\msysgit\msysgit\git\Goluah-\devkit100\goluah\/execenv/\goluah_config.exe) が Linker の OutputFile プロパティ値 (C:\msysgit\msysgit\git\Goluah-\devkit100\goluah\execenv\config_d.exe) と一致しません。このため、プロジェクトが正常にビルドされない可能性があります。この問題を解決するには、$(OutDir)、$(TargetName)、および $(TargetExt) の各プロパティ値が、%(Link.OutputFile) で指定されている値と一致することを確認してください。
     1>C:\Program Files (x86)\MSBuild\Microsoft.Cpp\v4.0\Microsoft.CppBuild.targets(992,5): warning MSB8012: TargetName(goluah_config) が Linker の OutputFile プロパティ値 (config_d) と一致しません。このため、プロジェクトが正常にビルドされない可能性があります。この問題を解決するには、$(OutDir)、$(TargetName)、および $(TargetExt) の各プロパティ値が、%(Link.OutputFile) で指定されている値と一致することを確認してください。
       Link:
         C:\Program Files (x86)\Microsoft Visual Studio 10.0\VC\bin\link.exe /ERRORREPORT:PROMPT /OUT:"C:\msysgit\msysgit\git\Goluah-\devkit100\goluah\/execenv/config_d.exe" /INCREMENTAL /NOLOGO /LIBPATH:"C:\Program Files\Microsoft Visual Studio .NET 2003\Vc7\atlmfc\lib" /MANIFEST /ManifestFile:"Debug\goluah_config.exe.intermediate.manifest" /MANIFESTUAC:"level='asInvoker' uiAccess='false'" /DEBUG /PDB:"C:\msysgit\msysgit\git\Goluah-\devkit100\goluah\execenv\goluah_config.pdb" /SUBSYSTEM:WINDOWS /TLBID:1 /DYNAMICBASE /NXCOMPAT /IMPLIB:"C:\msysgit\msysgit\git\Goluah-\devkit100\goluah\/execenv/\goluah_config.lib" /MACHINE:X86 Debug\goluah_config.res
         Debug\goluah_config.exe.embed.manifest.res
         Debug\DlgInputAssign.obj
         Debug\DlgKBKeyGet.obj
         Debug\DlgKeyConfig.obj
         Debug\DlgOther.obj
         Debug\DlgPadConfig.obj
         Debug\DlgPage1.obj
         Debug\DlgPage2.obj
         Debug\DlgPage3.obj
         Debug\goluah_config.obj
         Debug\goluah_configDlg.obj
         Debug\stdafx.obj
         Debug\config.obj
         Debug\limcut.obj /nodefaultlib:libci 
       Manifest:
         C:\Program Files (x86)\Microsoft SDKs\Windows\v7.0A\bin\mt.exe /nologo /verbose /out:"Debug\goluah_config.exe.embed.manifest" /manifest Debug\goluah_config.exe.intermediate.manifest "C:\Program Files (x86)\Microsoft Visual Studio 10.0\VC\Include\Manifest\dpiaware.manifest"
         C:\Program Files (x86)\Microsoft SDKs\Windows\v7.0A\bin\rc.exe /nologo /fo"Debug\goluah_config.exe.embed.manifest.res" Debug\goluah_config_manifest.rc 
       LinkEmbedManifest:
         C:\Program Files (x86)\Microsoft Visual Studio 10.0\VC\bin\link.exe /ERRORREPORT:PROMPT /OUT:"C:\msysgit\msysgit\git\Goluah-\devkit100\goluah\/execenv/config_d.exe" /INCREMENTAL /NOLOGO /LIBPATH:"C:\Program Files\Microsoft Visual Studio .NET 2003\Vc7\atlmfc\lib" /MANIFEST /ManifestFile:"Debug\goluah_config.exe.intermediate.manifest" /MANIFESTUAC:"level='asInvoker' uiAccess='false'" /DEBUG /PDB:"C:\msysgit\msysgit\git\Goluah-\devkit100\goluah\execenv\goluah_config.pdb" /SUBSYSTEM:WINDOWS /TLBID:1 /DYNAMICBASE /NXCOMPAT /IMPLIB:"C:\msysgit\msysgit\git\Goluah-\devkit100\goluah\/execenv/\goluah_config.lib" /MACHINE:X86 Debug\goluah_config.res
         Debug\goluah_config.exe.embed.manifest.res
         Debug\DlgInputAssign.obj
         Debug\DlgKBKeyGet.obj
         Debug\DlgKeyConfig.obj
         Debug\DlgOther.obj
         Debug\DlgPadConfig.obj
         Debug\DlgPage1.obj
         Debug\DlgPage2.obj
         Debug\DlgPage3.obj
         Debug\goluah_config.obj
         Debug\goluah_configDlg.obj
         Debug\stdafx.obj
         Debug\config.obj
         Debug\limcut.obj /nodefaultlib:libci 
         goluah_config.vcxproj -> C:\msysgit\msysgit\git\Goluah-\devkit100\goluah\/execenv/\goluah_config.exe
       FinalizeBuildStatus:
         ファイル "Debug\goluah_config.unsuccessfulbuild" を削除しています。
         "Debug\goluah_config.lastbuildstate" のタッチ タスクを実行しています。
     1>プロジェクト "C:\msysgit\msysgit\git\Goluah-\devkit100\goluah\goluah_config\goluah_config.vcxproj" (build ターゲット) のビルドが完了しました。

ビルドに成功しました。

経過時間 00:00:41.76
