C:\MSYSGIT\MSYSGIT\GIT\GOLUAH-\DEVKIT100\GOLUAH\EXECENV\STAGE\3D\GEOCITY\STAGE.DLL
C:\MSYSGIT\MSYSGIT\GIT\GOLUAH-\DEVKIT100\GOLUAH\EXECENV\STAGE\3D\GEOCITY\STAGE.ILK
C:\msysgit\msysgit\git\Goluah-\devkit100\goluah\stagedll_geocity\Debug\cl.command.1.tlog
C:\msysgit\msysgit\git\Goluah-\devkit100\goluah\stagedll_geocity\Debug\CL.read.1.tlog
C:\msysgit\msysgit\git\Goluah-\devkit100\goluah\stagedll_geocity\Debug\CL.write.1.tlog
C:\MSYSGIT\MSYSGIT\GIT\GOLUAH-\DEVKIT100\GOLUAH\STAGEDLL_GEOCITY\DEBUG\GOBJBASE.OBJ
C:\msysgit\msysgit\git\Goluah-\devkit100\goluah\stagedll_geocity\Debug\link.4392.read.1.tlog
C:\msysgit\msysgit\git\Goluah-\devkit100\goluah\stagedll_geocity\Debug\link.4392.write.1.tlog
C:\msysgit\msysgit\git\Goluah-\devkit100\goluah\stagedll_geocity\Debug\link.4392-cvtres.read.1.tlog
C:\msysgit\msysgit\git\Goluah-\devkit100\goluah\stagedll_geocity\Debug\link.4392-cvtres.write.1.tlog
C:\msysgit\msysgit\git\Goluah-\devkit100\goluah\stagedll_geocity\Debug\link.command.1.tlog
C:\msysgit\msysgit\git\Goluah-\devkit100\goluah\stagedll_geocity\Debug\link.read.1.tlog
C:\msysgit\msysgit\git\Goluah-\devkit100\goluah\stagedll_geocity\Debug\link.write.1.tlog
C:\msysgit\msysgit\git\Goluah-\devkit100\goluah\stagedll_geocity\Debug\link-cvtres.read.1.tlog
C:\msysgit\msysgit\git\Goluah-\devkit100\goluah\stagedll_geocity\Debug\link-cvtres.write.1.tlog
C:\msysgit\msysgit\git\Goluah-\devkit100\goluah\stagedll_geocity\Debug\mt.command.1.tlog
C:\msysgit\msysgit\git\Goluah-\devkit100\goluah\stagedll_geocity\Debug\mt.read.1.tlog
C:\msysgit\msysgit\git\Goluah-\devkit100\goluah\stagedll_geocity\Debug\mt.write.1.tlog
C:\msysgit\msysgit\git\Goluah-\devkit100\goluah\stagedll_geocity\Debug\rc.command.1.tlog
C:\msysgit\msysgit\git\Goluah-\devkit100\goluah\stagedll_geocity\Debug\rc.read.1.tlog
C:\msysgit\msysgit\git\Goluah-\devkit100\goluah\stagedll_geocity\Debug\rc.write.1.tlog
C:\MSYSGIT\MSYSGIT\GIT\GOLUAH-\DEVKIT100\GOLUAH\STAGEDLL_GEOCITY\DEBUG\STAGE.OBJ
C:\MSYSGIT\MSYSGIT\GIT\GOLUAH-\DEVKIT100\GOLUAH\STAGEDLL_GEOCITY\DEBUG\STAGEDLL_GEOCITY.DLL.EMBED.MANIFEST
C:\MSYSGIT\MSYSGIT\GIT\GOLUAH-\DEVKIT100\GOLUAH\STAGEDLL_GEOCITY\DEBUG\STAGEDLL_GEOCITY.DLL.EMBED.MANIFEST.RES
C:\MSYSGIT\MSYSGIT\GIT\GOLUAH-\DEVKIT100\GOLUAH\STAGEDLL_GEOCITY\DEBUG\STAGEDLL_GEOCITY.DLL.INTERMEDIATE.MANIFEST
C:\msysgit\msysgit\git\Goluah-\devkit100\goluah\stagedll_geocity\Debug\stagedll_geocity.exp
C:\msysgit\msysgit\git\Goluah-\devkit100\goluah\stagedll_geocity\Debug\stagedll_geocity.lib
C:\MSYSGIT\MSYSGIT\GIT\GOLUAH-\DEVKIT100\GOLUAH\STAGEDLL_GEOCITY\DEBUG\STAGEDLL_GEOCITY.PDB
C:\msysgit\msysgit\git\Goluah-\devkit100\goluah\stagedll_geocity\Debug\stagedll_geocity.write.1.tlog
C:\msysgit\msysgit\git\Goluah-\devkit100\goluah\stagedll_geocity\Debug\stagedll_geocity_manifest.rc
C:\msysgit\msysgit\git\Goluah-\devkit100\goluah\stagedll_geocity\Debug\vc100.idb
C:\MSYSGIT\MSYSGIT\GIT\GOLUAH-\DEVKIT100\GOLUAH\STAGEDLL_GEOCITY\DEBUG\VC100.PDB
Debug\stagedll_geocity.pdb
